#-----------------------------------------------------------
# Vivado v2018.3 (64-bit)
# SW Build 2405991 on Thu Dec  6 23:38:27 MST 2018
# IP Build 2404404 on Fri Dec  7 01:43:56 MST 2018
# Start of session at: Thu Jun 15 08:36:11 2023
# Process ID: 14856
# Current directory: C:/Users/olafu/Desktop/SDUP/PROJEKT/SDUP_Dijkstra/Dijkstra
# Command line: vivado.exe -gui_launcher_event rodinguilauncherevent13272 C:\Users\olafu\Desktop\SDUP\PROJEKT\SDUP_Dijkstra\Dijkstra\Dijkstra.xpr
# Log file: C:/Users/olafu/Desktop/SDUP/PROJEKT/SDUP_Dijkstra/Dijkstra/vivado.log
# Journal file: C:/Users/olafu/Desktop/SDUP/PROJEKT/SDUP_Dijkstra/Dijkstra\vivado.jou
#-----------------------------------------------------------
start_gui
open_project C:/Users/olafu/Desktop/SDUP/PROJEKT/SDUP_Dijkstra/Dijkstra/Dijkstra.xpr
Scanning sources...
Finished scanning sources
INFO: [IP_Flow 19-234] Refreshing IP repositories
INFO: [IP_Flow 19-1700] Loaded user IP repository 'c:/Users/olafu/Desktop/SDUP/PROJEKT/SDUP_Dijkstra/ip_repo/dijkstra_ip_1.0'.
WARNING: [IP_Flow 19-2207] Repository 'c:/Users/olafu/Desktop/SDUP/PROJEKT/SDUP_Dijkstra/ip_repo/dijkstra_ip_1.0' already exists; ignoring attempt to add it again.
INFO: [IP_Flow 19-1700] Loaded user IP repository 'c:/Users/olafu/Desktop/SDUP/PROJEKT/SDUP_Dijkstra/ip_repo/dijkstra_ip_1.0'.
INFO: [IP_Flow 19-2313] Loaded Vivado IP repository 'C:/Xilinx/Vivado/2018.3/data/ip'.
open_project: Time (s): cpu = 00:00:20 ; elapsed = 00:00:13 . Memory (MB): peak = 824.461 ; gain = 231.422
update_compile_order -fileset sources_1
launch_simulation
INFO: [Vivado 12-5682] Launching behavioral simulation in 'C:/Users/olafu/Desktop/SDUP/PROJEKT/SDUP_Dijkstra/Dijkstra/Dijkstra.sim/sim_1/behav/xsim'
INFO: [SIM-utils-51] Simulation object is 'sim_1'
INFO: [SIM-utils-54] Inspecting design source files for 'dijkstra_tb' in fileset 'sim_1'...
INFO: [USF-XSim-97] Finding global include files...
INFO: [USF-XSim-98] Fetching design files from 'sim_1'...
INFO: [USF-XSim-2] XSim::Compile design
INFO: [USF-XSim-61] Executing 'COMPILE and ANALYZE' step in 'C:/Users/olafu/Desktop/SDUP/PROJEKT/SDUP_Dijkstra/Dijkstra/Dijkstra.sim/sim_1/behav/xsim'
"xvlog --incr --relax -prj dijkstra_tb_vlog.prj"
INFO: [VRFC 10-2263] Analyzing SystemVerilog file "C:/Users/olafu/Desktop/SDUP/PROJEKT/SDUP_Dijkstra/Dijkstra/Dijkstra.srcs/sources_1/new/dijkstra_rtl.sv" into library xil_defaultlib
INFO: [VRFC 10-311] analyzing module dijkstra_rtl
INFO: [VRFC 10-2263] Analyzing SystemVerilog file "C:/Users/olafu/Desktop/SDUP/PROJEKT/SDUP_Dijkstra/Dijkstra/Dijkstra.srcs/sim_1/new/dijkstra_tb.sv" into library xil_defaultlib
INFO: [VRFC 10-311] analyzing module dijkstra_tb
INFO: [USF-XSim-69] 'compile' step finished in '1' seconds
INFO: [USF-XSim-3] XSim::Elaborate design
INFO: [USF-XSim-61] Executing 'ELABORATE' step in 'C:/Users/olafu/Desktop/SDUP/PROJEKT/SDUP_Dijkstra/Dijkstra/Dijkstra.sim/sim_1/behav/xsim'
Vivado Simulator 2018.3
Copyright 1986-1999, 2001-2018 Xilinx, Inc. All Rights Reserved.
Running: C:/Xilinx/Vivado/2018.3/bin/unwrapped/win64.o/xelab.exe -wto 73cba3cd0fd142d1879a83a08d57945d --incr --debug typical --relax --mt 2 -L xil_defaultlib -L unisims_ver -L unimacro_ver -L secureip --snapshot dijkstra_tb_behav xil_defaultlib.dijkstra_tb xil_defaultlib.glbl -log elaborate.log 
Using 2 slave threads.
Starting static elaboration
Completed static elaboration
Starting simulation data flow analysis
Completed simulation data flow analysis
Time Resolution for simulation is 1ps
Compiling module xil_defaultlib.dijkstra_rtl(MAX_VALUE=255)
Compiling module xil_defaultlib.dijkstra_tb
Compiling module xil_defaultlib.glbl
Built simulation snapshot dijkstra_tb_behav
INFO: [USF-XSim-69] 'elaborate' step finished in '5' seconds
INFO: [USF-XSim-4] XSim::Simulate design
INFO: [USF-XSim-61] Executing 'SIMULATE' step in 'C:/Users/olafu/Desktop/SDUP/PROJEKT/SDUP_Dijkstra/Dijkstra/Dijkstra.sim/sim_1/behav/xsim'
INFO: [USF-XSim-98] *** Running xsim
   with args "dijkstra_tb_behav -key {Behavioral:sim_1:Functional:dijkstra_tb} -tclbatch {dijkstra_tb.tcl} -log {simulate.log}"
INFO: [USF-XSim-8] Loading simulator feature
Vivado Simulator 2018.3
Time resolution is 1 ps
source dijkstra_tb.tcl
# set curr_wave [current_wave_config]
# if { [string length $curr_wave] == 0 } {
#   if { [llength [get_objects]] > 0} {
#     add_wave /
#     set_property needs_save false [current_wave_config]
#   } else {
#      send_msg_id Add_Wave-1 WARNING "No top level signals found. Simulator will start without a wave window. If you want to open a wave window go to 'File->New Waveform Configuration' or type 'create_wave_config' in the TCL console."
#   }
# }
# run 10000ns
	 distance[0] = 5
	 distance[1] = 4
	 distance[2] = 6
	 distance[3] = 3
	 distance[4] = 2
	 distance[5] = 0
	 distance[6] = 1
	 distance[7] = 4
	 distance[8] = 5
	 distance[9] = 10
	 distance[10] = 13
	 prev[0] = 4
	 prev[1] = 3
	 prev[2] = 1
	 prev[3] = 6
	 prev[4] = 5
	 prev[5] = 0
	 prev[6] = 5
	 prev[7] = 6
	 prev[8] = 7
	 prev[9] = 8
	 prev[10] = 9
INFO: [USF-XSim-96] XSim completed. Design snapshot 'dijkstra_tb_behav' loaded.
INFO: [USF-XSim-97] XSim simulation ran for 10000ns
launch_simulation: Time (s): cpu = 00:00:10 ; elapsed = 00:00:11 . Memory (MB): peak = 845.355 ; gain = 0.000
relaunch_sim
INFO: [Vivado 12-5682] Launching behavioral simulation in 'C:/Users/olafu/Desktop/SDUP/PROJEKT/SDUP_Dijkstra/Dijkstra/Dijkstra.sim/sim_1/behav/xsim'
INFO: [SIM-utils-51] Simulation object is 'sim_1'
INFO: [SIM-utils-54] Inspecting design source files for 'dijkstra_tb' in fileset 'sim_1'...
INFO: [USF-XSim-97] Finding global include files...
INFO: [USF-XSim-98] Fetching design files from 'sim_1'...
INFO: [USF-XSim-2] XSim::Compile design
INFO: [USF-XSim-61] Executing 'COMPILE and ANALYZE' step in 'C:/Users/olafu/Desktop/SDUP/PROJEKT/SDUP_Dijkstra/Dijkstra/Dijkstra.sim/sim_1/behav/xsim'
"xvlog --incr --relax -prj dijkstra_tb_vlog.prj"
INFO: [USF-XSim-69] 'compile' step finished in '2' seconds
INFO: [Vivado 12-5682] Launching behavioral simulation in 'C:/Users/olafu/Desktop/SDUP/PROJEKT/SDUP_Dijkstra/Dijkstra/Dijkstra.sim/sim_1/behav/xsim'
INFO: [USF-XSim-3] XSim::Elaborate design
INFO: [USF-XSim-61] Executing 'ELABORATE' step in 'C:/Users/olafu/Desktop/SDUP/PROJEKT/SDUP_Dijkstra/Dijkstra/Dijkstra.sim/sim_1/behav/xsim'
Vivado Simulator 2018.3
Copyright 1986-1999, 2001-2018 Xilinx, Inc. All Rights Reserved.
Running: C:/Xilinx/Vivado/2018.3/bin/unwrapped/win64.o/xelab.exe -wto 73cba3cd0fd142d1879a83a08d57945d --incr --debug typical --relax --mt 2 -L xil_defaultlib -L unisims_ver -L unimacro_ver -L secureip --snapshot dijkstra_tb_behav xil_defaultlib.dijkstra_tb xil_defaultlib.glbl -log elaborate.log 
Using 2 slave threads.
Starting static elaboration
Completed static elaboration
INFO: [XSIM 43-4323] No Change in HDL. Linking previously generated obj files to create kernel
INFO: [USF-XSim-69] 'elaborate' step finished in '1' seconds
Vivado Simulator 2018.3
Time resolution is 1 ps
	 distance[0] = 5
	 distance[1] = 4
	 distance[2] = 6
	 distance[3] = 3
	 distance[4] = 2
	 distance[5] = 0
	 distance[6] = 1
	 distance[7] = 4
	 distance[8] = 5
	 distance[9] = 10
	 distance[10] = 13
	 prev[0] = 4
	 prev[1] = 3
	 prev[2] = 1
	 prev[3] = 6
	 prev[4] = 5
	 prev[5] = 0
	 prev[6] = 5
	 prev[7] = 6
	 prev[8] = 7
	 prev[9] = 8
	 prev[10] = 9
relaunch_sim: Time (s): cpu = 00:00:01 ; elapsed = 00:00:06 . Memory (MB): peak = 866.301 ; gain = 0.000
close_sim
INFO: [Simtcl 6-16] Simulation closed
launch_simulation
INFO: [Vivado 12-5682] Launching behavioral simulation in 'C:/Users/olafu/Desktop/SDUP/PROJEKT/SDUP_Dijkstra/Dijkstra/Dijkstra.sim/sim_1/behav/xsim'
INFO: [SIM-utils-51] Simulation object is 'sim_1'
INFO: [SIM-utils-54] Inspecting design source files for 'dijkstra_tb' in fileset 'sim_1'...
INFO: [USF-XSim-97] Finding global include files...
INFO: [USF-XSim-98] Fetching design files from 'sim_1'...
INFO: [USF-XSim-2] XSim::Compile design
INFO: [USF-XSim-61] Executing 'COMPILE and ANALYZE' step in 'C:/Users/olafu/Desktop/SDUP/PROJEKT/SDUP_Dijkstra/Dijkstra/Dijkstra.sim/sim_1/behav/xsim'
"xvlog --incr --relax -prj dijkstra_tb_vlog.prj"
INFO: [VRFC 10-2263] Analyzing SystemVerilog file "C:/Users/olafu/Desktop/SDUP/PROJEKT/SDUP_Dijkstra/Dijkstra/Dijkstra.srcs/sources_1/new/dijkstra_rtl.sv" into library xil_defaultlib
INFO: [VRFC 10-311] analyzing module dijkstra_rtl
INFO: [VRFC 10-2263] Analyzing SystemVerilog file "C:/Users/olafu/Desktop/SDUP/PROJEKT/SDUP_Dijkstra/Dijkstra/Dijkstra.srcs/sim_1/new/dijkstra_tb.sv" into library xil_defaultlib
INFO: [VRFC 10-311] analyzing module dijkstra_tb
INFO: [USF-XSim-69] 'compile' step finished in '1' seconds
INFO: [USF-XSim-3] XSim::Elaborate design
INFO: [USF-XSim-61] Executing 'ELABORATE' step in 'C:/Users/olafu/Desktop/SDUP/PROJEKT/SDUP_Dijkstra/Dijkstra/Dijkstra.sim/sim_1/behav/xsim'
Vivado Simulator 2018.3
Copyright 1986-1999, 2001-2018 Xilinx, Inc. All Rights Reserved.
Running: C:/Xilinx/Vivado/2018.3/bin/unwrapped/win64.o/xelab.exe -wto 73cba3cd0fd142d1879a83a08d57945d --incr --debug typical --relax --mt 2 -L xil_defaultlib -L unisims_ver -L unimacro_ver -L secureip --snapshot dijkstra_tb_behav xil_defaultlib.dijkstra_tb xil_defaultlib.glbl -log elaborate.log 
Using 2 slave threads.
Starting static elaboration
Completed static elaboration
Starting simulation data flow analysis
Completed simulation data flow analysis
Time Resolution for simulation is 1ps
Compiling module xil_defaultlib.dijkstra_rtl(VERTICES=9,MAX_VALU...
Compiling module xil_defaultlib.dijkstra_tb
Compiling module xil_defaultlib.glbl
Built simulation snapshot dijkstra_tb_behav
INFO: [USF-XSim-69] 'elaborate' step finished in '1' seconds
INFO: [USF-XSim-4] XSim::Simulate design
INFO: [USF-XSim-61] Executing 'SIMULATE' step in 'C:/Users/olafu/Desktop/SDUP/PROJEKT/SDUP_Dijkstra/Dijkstra/Dijkstra.sim/sim_1/behav/xsim'
INFO: [USF-XSim-98] *** Running xsim
   with args "dijkstra_tb_behav -key {Behavioral:sim_1:Functional:dijkstra_tb} -tclbatch {dijkstra_tb.tcl} -log {simulate.log}"
INFO: [USF-XSim-8] Loading simulator feature
Vivado Simulator 2018.3
Time resolution is 1 ps
source dijkstra_tb.tcl
# set curr_wave [current_wave_config]
# if { [string length $curr_wave] == 0 } {
#   if { [llength [get_objects]] > 0} {
#     add_wave /
#     set_property needs_save false [current_wave_config]
#   } else {
#      send_msg_id Add_Wave-1 WARNING "No top level signals found. Simulator will start without a wave window. If you want to open a wave window go to 'File->New Waveform Configuration' or type 'create_wave_config' in the TCL console."
#   }
# }
# run 10000ns
	 distance[0] = 0
	 distance[1] = 1
	 distance[2] = 1
	 distance[3] = 8
	 distance[4] = 8
	 distance[5] = 2
	 distance[6] = 5
	 distance[7] = 4
	 distance[8] = 6
	 prev[0] = 0
	 prev[1] = 0
	 prev[2] = 0
	 prev[3] = 0
	 prev[4] = 7
	 prev[5] = 2
	 prev[6] = 7
	 prev[7] = 5
	 prev[8] = 6
INFO: [USF-XSim-96] XSim completed. Design snapshot 'dijkstra_tb_behav' loaded.
INFO: [USF-XSim-97] XSim simulation ran for 10000ns
close_sim
INFO: [Simtcl 6-16] Simulation closed
launch_simulation
INFO: [Vivado 12-5682] Launching behavioral simulation in 'C:/Users/olafu/Desktop/SDUP/PROJEKT/SDUP_Dijkstra/Dijkstra/Dijkstra.sim/sim_1/behav/xsim'
INFO: [SIM-utils-51] Simulation object is 'sim_1'
INFO: [SIM-utils-54] Inspecting design source files for 'dijkstra_tb' in fileset 'sim_1'...
INFO: [USF-XSim-97] Finding global include files...
INFO: [USF-XSim-98] Fetching design files from 'sim_1'...
INFO: [USF-XSim-2] XSim::Compile design
INFO: [USF-XSim-61] Executing 'COMPILE and ANALYZE' step in 'C:/Users/olafu/Desktop/SDUP/PROJEKT/SDUP_Dijkstra/Dijkstra/Dijkstra.sim/sim_1/behav/xsim'
"xvlog --incr --relax -prj dijkstra_tb_vlog.prj"
INFO: [VRFC 10-2263] Analyzing SystemVerilog file "C:/Users/olafu/Desktop/SDUP/PROJEKT/SDUP_Dijkstra/Dijkstra/Dijkstra.srcs/sources_1/new/dijkstra_rtl.sv" into library xil_defaultlib
INFO: [VRFC 10-311] analyzing module dijkstra_rtl
INFO: [VRFC 10-2263] Analyzing SystemVerilog file "C:/Users/olafu/Desktop/SDUP/PROJEKT/SDUP_Dijkstra/Dijkstra/Dijkstra.srcs/sim_1/new/dijkstra_tb.sv" into library xil_defaultlib
INFO: [VRFC 10-311] analyzing module dijkstra_tb
INFO: [USF-XSim-69] 'compile' step finished in '1' seconds
INFO: [USF-XSim-3] XSim::Elaborate design
INFO: [USF-XSim-61] Executing 'ELABORATE' step in 'C:/Users/olafu/Desktop/SDUP/PROJEKT/SDUP_Dijkstra/Dijkstra/Dijkstra.sim/sim_1/behav/xsim'
Vivado Simulator 2018.3
Copyright 1986-1999, 2001-2018 Xilinx, Inc. All Rights Reserved.
Running: C:/Xilinx/Vivado/2018.3/bin/unwrapped/win64.o/xelab.exe -wto 73cba3cd0fd142d1879a83a08d57945d --incr --debug typical --relax --mt 2 -L xil_defaultlib -L unisims_ver -L unimacro_ver -L secureip --snapshot dijkstra_tb_behav xil_defaultlib.dijkstra_tb xil_defaultlib.glbl -log elaborate.log 
Using 2 slave threads.
Starting static elaboration
Completed static elaboration
Starting simulation data flow analysis
Completed simulation data flow analysis
Time Resolution for simulation is 1ps
Compiling module xil_defaultlib.dijkstra_rtl(MAX_VALUE=255)
Compiling module xil_defaultlib.dijkstra_tb
Compiling module xil_defaultlib.glbl
Built simulation snapshot dijkstra_tb_behav
INFO: [USF-XSim-69] 'elaborate' step finished in '1' seconds
INFO: [USF-XSim-4] XSim::Simulate design
INFO: [USF-XSim-61] Executing 'SIMULATE' step in 'C:/Users/olafu/Desktop/SDUP/PROJEKT/SDUP_Dijkstra/Dijkstra/Dijkstra.sim/sim_1/behav/xsim'
INFO: [USF-XSim-98] *** Running xsim
   with args "dijkstra_tb_behav -key {Behavioral:sim_1:Functional:dijkstra_tb} -tclbatch {dijkstra_tb.tcl} -log {simulate.log}"
INFO: [USF-XSim-8] Loading simulator feature
Vivado Simulator 2018.3
Time resolution is 1 ps
source dijkstra_tb.tcl
# set curr_wave [current_wave_config]
# if { [string length $curr_wave] == 0 } {
#   if { [llength [get_objects]] > 0} {
#     add_wave /
#     set_property needs_save false [current_wave_config]
#   } else {
#      send_msg_id Add_Wave-1 WARNING "No top level signals found. Simulator will start without a wave window. If you want to open a wave window go to 'File->New Waveform Configuration' or type 'create_wave_config' in the TCL console."
#   }
# }
# run 10000ns
	 distance[0] = 0
	 distance[1] = 5
	 distance[2] = 7
	 distance[3] = 6
	 distance[4] = 3
	 distance[5] = 5
	 distance[6] = 6
	 distance[7] = 9
	 distance[8] = 10
	 distance[9] = 15
	 distance[10] = 18
	 prev[0] = 0
	 prev[1] = 0
	 prev[2] = 1
	 prev[3] = 4
	 prev[4] = 0
	 prev[5] = 4
	 prev[6] = 5
	 prev[7] = 6
	 prev[8] = 7
	 prev[9] = 8
	 prev[10] = 9
INFO: [USF-XSim-96] XSim completed. Design snapshot 'dijkstra_tb_behav' loaded.
INFO: [USF-XSim-97] XSim simulation ran for 10000ns
relaunch_sim
INFO: [Vivado 12-5682] Launching behavioral simulation in 'C:/Users/olafu/Desktop/SDUP/PROJEKT/SDUP_Dijkstra/Dijkstra/Dijkstra.sim/sim_1/behav/xsim'
INFO: [SIM-utils-51] Simulation object is 'sim_1'
INFO: [SIM-utils-54] Inspecting design source files for 'dijkstra_tb' in fileset 'sim_1'...
INFO: [USF-XSim-97] Finding global include files...
INFO: [USF-XSim-98] Fetching design files from 'sim_1'...
INFO: [USF-XSim-2] XSim::Compile design
INFO: [USF-XSim-61] Executing 'COMPILE and ANALYZE' step in 'C:/Users/olafu/Desktop/SDUP/PROJEKT/SDUP_Dijkstra/Dijkstra/Dijkstra.sim/sim_1/behav/xsim'
"xvlog --incr --relax -prj dijkstra_tb_vlog.prj"
INFO: [USF-XSim-69] 'compile' step finished in '1' seconds
INFO: [Vivado 12-5682] Launching behavioral simulation in 'C:/Users/olafu/Desktop/SDUP/PROJEKT/SDUP_Dijkstra/Dijkstra/Dijkstra.sim/sim_1/behav/xsim'
INFO: [USF-XSim-3] XSim::Elaborate design
INFO: [USF-XSim-61] Executing 'ELABORATE' step in 'C:/Users/olafu/Desktop/SDUP/PROJEKT/SDUP_Dijkstra/Dijkstra/Dijkstra.sim/sim_1/behav/xsim'
Vivado Simulator 2018.3
Copyright 1986-1999, 2001-2018 Xilinx, Inc. All Rights Reserved.
Running: C:/Xilinx/Vivado/2018.3/bin/unwrapped/win64.o/xelab.exe -wto 73cba3cd0fd142d1879a83a08d57945d --incr --debug typical --relax --mt 2 -L xil_defaultlib -L unisims_ver -L unimacro_ver -L secureip --snapshot dijkstra_tb_behav xil_defaultlib.dijkstra_tb xil_defaultlib.glbl -log elaborate.log 
Using 2 slave threads.
Starting static elaboration
Completed static elaboration
INFO: [XSIM 43-4323] No Change in HDL. Linking previously generated obj files to create kernel
INFO: [USF-XSim-69] 'elaborate' step finished in '1' seconds
Vivado Simulator 2018.3
Time resolution is 1 ps
	 distance[0] = 0
	 distance[1] = 5
	 distance[2] = 7
	 distance[3] = 6
	 distance[4] = 3
	 distance[5] = 5
	 distance[6] = 6
	 distance[7] = 9
	 distance[8] = 10
	 distance[9] = 15
	 distance[10] = 18
	 prev[0] = 0
	 prev[1] = 0
	 prev[2] = 1
	 prev[3] = 4
	 prev[4] = 0
	 prev[5] = 4
	 prev[6] = 5
	 prev[7] = 6
	 prev[8] = 7
	 prev[9] = 8
	 prev[10] = 9
close_sim
INFO: [Simtcl 6-16] Simulation closed
exit
INFO: [Common 17-206] Exiting Vivado at Thu Jun 15 09:26:03 2023...
