#-----------------------------------------------------------
# Vivado v2018.3 (64-bit)
# SW Build 2405991 on Thu Dec  6 23:38:27 MST 2018
# IP Build 2404404 on Fri Dec  7 01:43:56 MST 2018
# Start of session at: Mon May 29 20:34:05 2023
# Process ID: 17816
# Current directory: C:/Users/olafu/Desktop/SDUP/PROJEKT/Dijkstra
# Command line: vivado.exe -gui_launcher_event rodinguilauncherevent6908 C:\Users\olafu\Desktop\SDUP\PROJEKT\Dijkstra\Dijkstra.xpr
# Log file: C:/Users/olafu/Desktop/SDUP/PROJEKT/Dijkstra/vivado.log
# Journal file: C:/Users/olafu/Desktop/SDUP/PROJEKT/Dijkstra\vivado.jou
#-----------------------------------------------------------
start_gui
open_project C:/Users/olafu/Desktop/SDUP/PROJEKT/Dijkstra/Dijkstra.xpr
Scanning sources...
Finished scanning sources
INFO: [IP_Flow 19-234] Refreshing IP repositories
INFO: [IP_Flow 19-1704] No user IP repositories specified
INFO: [IP_Flow 19-2313] Loaded Vivado IP repository 'C:/Xilinx/Vivado/2018.3/data/ip'.
open_project: Time (s): cpu = 00:00:13 ; elapsed = 00:00:07 . Memory (MB): peak = 838.090 ; gain = 218.109
set_property file_type SystemVerilog [get_files  C:/Users/olafu/Desktop/SDUP/PROJEKT/Dijkstra/Dijkstra.srcs/sim_1/new/dijkstra_behav.sv]
update_compile_order -fileset sim_1
update_compile_order -fileset sim_1
file mkdir C:/Users/olafu/Desktop/SDUP/PROJEKT/Dijkstra/Dijkstra.srcs/sources_1/new
close [ open C:/Users/olafu/Desktop/SDUP/PROJEKT/Dijkstra/Dijkstra.srcs/sources_1/new/dijkstra_behav.sv w ]
add_files C:/Users/olafu/Desktop/SDUP/PROJEKT/Dijkstra/Dijkstra.srcs/sources_1/new/dijkstra_behav.sv
update_compile_order -fileset sources_1
update_compile_order -fileset sim_1
export_ip_user_files -of_objects  [get_files C:/Users/olafu/Desktop/SDUP/PROJEKT/Dijkstra/Dijkstra.srcs/sim_1/new/dijkstra_behav.sv] -no_script -reset -force -quiet
remove_files  -fileset sim_1 C:/Users/olafu/Desktop/SDUP/PROJEKT/Dijkstra/Dijkstra.srcs/sim_1/new/dijkstra_behav.sv
file delete -force C:/Users/olafu/Desktop/SDUP/PROJEKT/Dijkstra/Dijkstra.srcs/sim_1/new/dijkstra_behav.sv
exit
INFO: [Common 17-206] Exiting Vivado at Mon May 29 23:10:45 2023...
