#-----------------------------------------------------------
# Vivado v2018.3 (64-bit)
# SW Build 2405991 on Thu Dec  6 23:38:27 MST 2018
# IP Build 2404404 on Fri Dec  7 01:43:56 MST 2018
# Start of session at: Tue Jun  6 20:37:19 2023
# Process ID: 18224
# Current directory: C:/Users/olafu/Desktop/SDUP/PROJEKT/SDUP_Dijkstra/Dijkstra
# Command line: vivado.exe -gui_launcher_event rodinguilauncherevent14912 C:\Users\olafu\Desktop\SDUP\PROJEKT\SDUP_Dijkstra\Dijkstra\Dijkstra.xpr
# Log file: C:/Users/olafu/Desktop/SDUP/PROJEKT/SDUP_Dijkstra/Dijkstra/vivado.log
# Journal file: C:/Users/olafu/Desktop/SDUP/PROJEKT/SDUP_Dijkstra/Dijkstra\vivado.jou
#-----------------------------------------------------------
start_gui
open_project C:/Users/olafu/Desktop/SDUP/PROJEKT/SDUP_Dijkstra/Dijkstra/Dijkstra.xpr
INFO: [Project 1-313] Project file moved from 'C:/Users/olafu/Desktop/SDUP/PROJEKT/Dijkstra' since last save.
Scanning sources...
Finished scanning sources
INFO: [IP_Flow 19-234] Refreshing IP repositories
INFO: [IP_Flow 19-1704] No user IP repositories specified
INFO: [IP_Flow 19-2313] Loaded Vivado IP repository 'C:/Xilinx/Vivado/2018.3/data/ip'.
open_project: Time (s): cpu = 00:00:42 ; elapsed = 00:00:24 . Memory (MB): peak = 808.617 ; gain = 205.938
update_compile_order -fileset sources_1
launch_simulation
INFO: [Vivado 12-5682] Launching behavioral simulation in 'C:/Users/olafu/Desktop/SDUP/PROJEKT/SDUP_Dijkstra/Dijkstra/Dijkstra.sim/sim_1/behav/xsim'
INFO: [SIM-utils-51] Simulation object is 'sim_1'
INFO: [SIM-utils-54] Inspecting design source files for 'dijkstra_behav' in fileset 'sim_1'...
INFO: [USF-XSim-97] Finding global include files...
INFO: [USF-XSim-98] Fetching design files from 'sim_1'...
INFO: [USF-XSim-2] XSim::Compile design
INFO: [USF-XSim-61] Executing 'COMPILE and ANALYZE' step in 'C:/Users/olafu/Desktop/SDUP/PROJEKT/SDUP_Dijkstra/Dijkstra/Dijkstra.sim/sim_1/behav/xsim'
"xvlog --incr --relax -prj dijkstra_behav_vlog.prj"
INFO: [VRFC 10-2263] Analyzing SystemVerilog file "C:/Users/olafu/Desktop/SDUP/PROJEKT/SDUP_Dijkstra/Dijkstra/Dijkstra.srcs/sources_1/new/dijkstra_behav.sv" into library xil_defaultlib
INFO: [VRFC 10-311] analyzing module dijkstra_behav
INFO: [VRFC 10-2263] Analyzing Verilog file "C:/Users/olafu/Desktop/SDUP/PROJEKT/SDUP_Dijkstra/Dijkstra/Dijkstra.sim/sim_1/behav/xsim/glbl.v" into library xil_defaultlib
INFO: [VRFC 10-311] analyzing module glbl
INFO: [USF-XSim-69] 'compile' step finished in '3' seconds
INFO: [USF-XSim-3] XSim::Elaborate design
INFO: [USF-XSim-61] Executing 'ELABORATE' step in 'C:/Users/olafu/Desktop/SDUP/PROJEKT/SDUP_Dijkstra/Dijkstra/Dijkstra.sim/sim_1/behav/xsim'
Vivado Simulator 2018.3
Copyright 1986-1999, 2001-2018 Xilinx, Inc. All Rights Reserved.
Running: C:/Xilinx/Vivado/2018.3/bin/unwrapped/win64.o/xelab.exe -wto 73cba3cd0fd142d1879a83a08d57945d --incr --debug typical --relax --mt 2 -L xil_defaultlib -L unisims_ver -L unimacro_ver -L secureip --snapshot dijkstra_behav_behav xil_defaultlib.dijkstra_behav xil_defaultlib.glbl -log elaborate.log 
Using 2 slave threads.
Starting static elaboration
Completed static elaboration
Starting simulation data flow analysis
Completed simulation data flow analysis
Time Resolution for simulation is 1ps
Compiling module xil_defaultlib.dijkstra_behav
Compiling module xil_defaultlib.glbl
Built simulation snapshot dijkstra_behav_behav

****** Webtalk v2018.3 (64-bit)
  **** SW Build 2405991 on Thu Dec  6 23:38:27 MST 2018
  **** IP Build 2404404 on Fri Dec  7 01:43:56 MST 2018
    ** Copyright 1986-2018 Xilinx, Inc. All Rights Reserved.

source C:/Users/olafu/Desktop/SDUP/PROJEKT/SDUP_Dijkstra/Dijkstra/Dijkstra.sim/sim_1/behav/xsim/xsim.dir/dijkstra_behav_behav/webtalk/xsim_webtalk.tcl -notrace
INFO: [Common 17-206] Exiting Webtalk at Tue Jun  6 20:44:12 2023...
run_program: Time (s): cpu = 00:00:00 ; elapsed = 00:00:07 . Memory (MB): peak = 822.598 ; gain = 0.000
INFO: [USF-XSim-69] 'elaborate' step finished in '7' seconds
INFO: [USF-XSim-4] XSim::Simulate design
INFO: [USF-XSim-61] Executing 'SIMULATE' step in 'C:/Users/olafu/Desktop/SDUP/PROJEKT/SDUP_Dijkstra/Dijkstra/Dijkstra.sim/sim_1/behav/xsim'
INFO: [USF-XSim-98] *** Running xsim
   with args "dijkstra_behav_behav -key {Behavioral:sim_1:Functional:dijkstra_behav} -tclbatch {dijkstra_behav.tcl} -log {simulate.log}"
INFO: [USF-XSim-8] Loading simulator feature
Vivado Simulator 2018.3
Time resolution is 1 ps
source dijkstra_behav.tcl
# set curr_wave [current_wave_config]
# if { [string length $curr_wave] == 0 } {
#   if { [llength [get_objects]] > 0} {
#     add_wave /
#     set_property needs_save false [current_wave_config]
#   } else {
#      send_msg_id Add_Wave-1 WARNING "No top level signals found. Simulator will start without a wave window. If you want to open a wave window go to 'File->New Waveform Configuration' or type 'create_wave_config' in the TCL console."
#   }
# }
# run 1000ns
	 distance[0] = 5
	 distance[1] = 4
	 distance[2] = 6
	 distance[3] = 3
	 distance[4] = 2
	 distance[5] = 0
	 distance[6] = 1
	 distance[7] = 4
	 distance[8] = 5
	 distance[9] = 10
	 distance[10] = 13
	 prev[0] = 4
	 prev[1] = 3
	 prev[2] = 1
	 prev[3] = 6
	 prev[4] = 5
	 prev[5] = 0
	 prev[6] = 5
	 prev[7] = 6
	 prev[8] = 7
	 prev[9] = 8
	 prev[10] = 9
INFO: [USF-XSim-96] XSim completed. Design snapshot 'dijkstra_behav_behav' loaded.
INFO: [USF-XSim-97] XSim simulation ran for 1000ns
launch_simulation: Time (s): cpu = 00:00:10 ; elapsed = 00:00:15 . Memory (MB): peak = 826.793 ; gain = 4.195
close_sim
INFO: [Simtcl 6-16] Simulation closed
close_sim: Time (s): cpu = 00:00:06 ; elapsed = 00:00:06 . Memory (MB): peak = 840.008 ; gain = 0.000
exit
INFO: [Common 17-206] Exiting Vivado at Tue Jun  6 23:47:03 2023...
