#-----------------------------------------------------------
# Vivado v2018.3 (64-bit)
# SW Build 2405991 on Thu Dec  6 23:38:27 MST 2018
# IP Build 2404404 on Fri Dec  7 01:43:56 MST 2018
# Start of session at: Sat Jun 10 20:38:42 2023
# Process ID: 15576
# Current directory: C:/Users/olafu/Desktop/SDUP/PROJEKT/SDUP_Dijkstra/Dijkstra
# Command line: vivado.exe -gui_launcher_event rodinguilauncherevent14852 C:\Users\olafu\Desktop\SDUP\PROJEKT\SDUP_Dijkstra\Dijkstra\Dijkstra.xpr
# Log file: C:/Users/olafu/Desktop/SDUP/PROJEKT/SDUP_Dijkstra/Dijkstra/vivado.log
# Journal file: C:/Users/olafu/Desktop/SDUP/PROJEKT/SDUP_Dijkstra/Dijkstra\vivado.jou
#-----------------------------------------------------------
start_gui
open_project C:/Users/olafu/Desktop/SDUP/PROJEKT/SDUP_Dijkstra/Dijkstra/Dijkstra.xpr
Scanning sources...
Finished scanning sources
INFO: [IP_Flow 19-234] Refreshing IP repositories
INFO: [IP_Flow 19-1704] No user IP repositories specified
INFO: [IP_Flow 19-2313] Loaded Vivado IP repository 'C:/Xilinx/Vivado/2018.3/data/ip'.
open_project: Time (s): cpu = 00:00:17 ; elapsed = 00:00:11 . Memory (MB): peak = 792.406 ; gain = 197.277
update_compile_order -fileset sources_1
set_property SOURCE_SET sources_1 [get_filesets sim_1]
close [ open C:/Users/olafu/Desktop/SDUP/PROJEKT/SDUP_Dijkstra/Dijkstra/Dijkstra.srcs/sim_1/new/dijkstra_tb.sv w ]
add_files -fileset sim_1 C:/Users/olafu/Desktop/SDUP/PROJEKT/SDUP_Dijkstra/Dijkstra/Dijkstra.srcs/sim_1/new/dijkstra_tb.sv
update_compile_order -fileset sim_1
update_compile_order -fileset sim_1
launch_simulation
INFO: [Vivado 12-5682] Launching behavioral simulation in 'C:/Users/olafu/Desktop/SDUP/PROJEKT/SDUP_Dijkstra/Dijkstra/Dijkstra.sim/sim_1/behav/xsim'
INFO: [SIM-utils-51] Simulation object is 'sim_1'
INFO: [SIM-utils-54] Inspecting design source files for 'dijkstra_tb' in fileset 'sim_1'...
INFO: [USF-XSim-97] Finding global include files...
INFO: [USF-XSim-98] Fetching design files from 'sim_1'...
INFO: [USF-XSim-2] XSim::Compile design
INFO: [USF-XSim-61] Executing 'COMPILE and ANALYZE' step in 'C:/Users/olafu/Desktop/SDUP/PROJEKT/SDUP_Dijkstra/Dijkstra/Dijkstra.sim/sim_1/behav/xsim'
"xvlog --incr --relax -prj dijkstra_tb_vlog.prj"
INFO: [VRFC 10-2263] Analyzing SystemVerilog file "C:/Users/olafu/Desktop/SDUP/PROJEKT/SDUP_Dijkstra/Dijkstra/Dijkstra.srcs/sources_1/new/dijkstra_rtl.sv" into library xil_defaultlib
INFO: [VRFC 10-311] analyzing module dijkstra_rtl
INFO: [VRFC 10-2263] Analyzing SystemVerilog file "C:/Users/olafu/Desktop/SDUP/PROJEKT/SDUP_Dijkstra/Dijkstra/Dijkstra.srcs/sim_1/new/dijkstra_tb.sv" into library xil_defaultlib
INFO: [VRFC 10-311] analyzing module dijkstra_tb
INFO: [USF-XSim-69] 'compile' step finished in '2' seconds
INFO: [USF-XSim-3] XSim::Elaborate design
INFO: [USF-XSim-61] Executing 'ELABORATE' step in 'C:/Users/olafu/Desktop/SDUP/PROJEKT/SDUP_Dijkstra/Dijkstra/Dijkstra.sim/sim_1/behav/xsim'
Vivado Simulator 2018.3
Copyright 1986-1999, 2001-2018 Xilinx, Inc. All Rights Reserved.
Running: C:/Xilinx/Vivado/2018.3/bin/unwrapped/win64.o/xelab.exe -wto 73cba3cd0fd142d1879a83a08d57945d --incr --debug typical --relax --mt 2 -L xil_defaultlib -L unisims_ver -L unimacro_ver -L secureip --snapshot dijkstra_tb_behav xil_defaultlib.dijkstra_tb xil_defaultlib.glbl -log elaborate.log 
Using 2 slave threads.
Starting static elaboration
ERROR: [VRFC 10-3818] variable 'min_dist' is driven by invalid combination of procedural drivers [C:/Users/olafu/Desktop/SDUP/PROJEKT/SDUP_Dijkstra/Dijkstra/Dijkstra.srcs/sources_1/new/dijkstra_rtl.sv:26]
WARNING: [VRFC 10-2921] 'min_dist' driven by this always_comb block should not be driven by any other process [C:/Users/olafu/Desktop/SDUP/PROJEKT/SDUP_Dijkstra/Dijkstra/Dijkstra.srcs/sources_1/new/dijkstra_rtl.sv:65]
ERROR: [XSIM 43-3322] Static elaboration of top level Verilog design unit(s) in library work failed.
INFO: [USF-XSim-69] 'elaborate' step finished in '1' seconds
INFO: [USF-XSim-99] Step results log file:'C:/Users/olafu/Desktop/SDUP/PROJEKT/SDUP_Dijkstra/Dijkstra/Dijkstra.sim/sim_1/behav/xsim/elaborate.log'
ERROR: [USF-XSim-62] 'elaborate' step failed with error(s). Please check the Tcl console output or 'C:/Users/olafu/Desktop/SDUP/PROJEKT/SDUP_Dijkstra/Dijkstra/Dijkstra.sim/sim_1/behav/xsim/elaborate.log' file for more information.
ERROR: [Vivado 12-4473] Detected error while running simulation. Please correct the issue and retry this operation.
ERROR: [Common 17-39] 'launch_simulation' failed due to earlier errors.
launch_simulation
INFO: [Vivado 12-5682] Launching behavioral simulation in 'C:/Users/olafu/Desktop/SDUP/PROJEKT/SDUP_Dijkstra/Dijkstra/Dijkstra.sim/sim_1/behav/xsim'
INFO: [SIM-utils-51] Simulation object is 'sim_1'
INFO: [SIM-utils-54] Inspecting design source files for 'dijkstra_tb' in fileset 'sim_1'...
INFO: [USF-XSim-97] Finding global include files...
INFO: [USF-XSim-98] Fetching design files from 'sim_1'...
INFO: [USF-XSim-2] XSim::Compile design
INFO: [USF-XSim-61] Executing 'COMPILE and ANALYZE' step in 'C:/Users/olafu/Desktop/SDUP/PROJEKT/SDUP_Dijkstra/Dijkstra/Dijkstra.sim/sim_1/behav/xsim'
"xvlog --incr --relax -prj dijkstra_tb_vlog.prj"
INFO: [VRFC 10-2263] Analyzing SystemVerilog file "C:/Users/olafu/Desktop/SDUP/PROJEKT/SDUP_Dijkstra/Dijkstra/Dijkstra.srcs/sources_1/new/dijkstra_rtl.sv" into library xil_defaultlib
INFO: [VRFC 10-311] analyzing module dijkstra_rtl
INFO: [VRFC 10-2263] Analyzing SystemVerilog file "C:/Users/olafu/Desktop/SDUP/PROJEKT/SDUP_Dijkstra/Dijkstra/Dijkstra.srcs/sim_1/new/dijkstra_tb.sv" into library xil_defaultlib
INFO: [VRFC 10-311] analyzing module dijkstra_tb
INFO: [USF-XSim-69] 'compile' step finished in '1' seconds
INFO: [USF-XSim-3] XSim::Elaborate design
INFO: [USF-XSim-61] Executing 'ELABORATE' step in 'C:/Users/olafu/Desktop/SDUP/PROJEKT/SDUP_Dijkstra/Dijkstra/Dijkstra.sim/sim_1/behav/xsim'
Vivado Simulator 2018.3
Copyright 1986-1999, 2001-2018 Xilinx, Inc. All Rights Reserved.
Running: C:/Xilinx/Vivado/2018.3/bin/unwrapped/win64.o/xelab.exe -wto 73cba3cd0fd142d1879a83a08d57945d --incr --debug typical --relax --mt 2 -L xil_defaultlib -L unisims_ver -L unimacro_ver -L secureip --snapshot dijkstra_tb_behav xil_defaultlib.dijkstra_tb xil_defaultlib.glbl -log elaborate.log 
Using 2 slave threads.
Starting static elaboration
Completed static elaboration
Starting simulation data flow analysis
Completed simulation data flow analysis
Time Resolution for simulation is 1ps
Compiling module xil_defaultlib.dijkstra_rtl(MAX_VALUE=255)
Compiling module xil_defaultlib.dijkstra_tb
Compiling module xil_defaultlib.glbl
Built simulation snapshot dijkstra_tb_behav

****** Webtalk v2018.3 (64-bit)
  **** SW Build 2405991 on Thu Dec  6 23:38:27 MST 2018
  **** IP Build 2404404 on Fri Dec  7 01:43:56 MST 2018
    ** Copyright 1986-2018 Xilinx, Inc. All Rights Reserved.

source C:/Users/olafu/Desktop/SDUP/PROJEKT/SDUP_Dijkstra/Dijkstra/Dijkstra.sim/sim_1/behav/xsim/xsim.dir/dijkstra_tb_behav/webtalk/xsim_webtalk.tcl -notrace
INFO: [Common 17-206] Exiting Webtalk at Sat Jun 10 21:50:18 2023...
run_program: Time (s): cpu = 00:00:00 ; elapsed = 00:00:06 . Memory (MB): peak = 829.426 ; gain = 0.000
INFO: [USF-XSim-69] 'elaborate' step finished in '6' seconds
INFO: [USF-XSim-4] XSim::Simulate design
INFO: [USF-XSim-61] Executing 'SIMULATE' step in 'C:/Users/olafu/Desktop/SDUP/PROJEKT/SDUP_Dijkstra/Dijkstra/Dijkstra.sim/sim_1/behav/xsim'
INFO: [USF-XSim-98] *** Running xsim
   with args "dijkstra_tb_behav -key {Behavioral:sim_1:Functional:dijkstra_tb} -tclbatch {dijkstra_tb.tcl} -log {simulate.log}"
INFO: [USF-XSim-8] Loading simulator feature
Vivado Simulator 2018.3
Time resolution is 1 ps
source dijkstra_tb.tcl
# set curr_wave [current_wave_config]
# if { [string length $curr_wave] == 0 } {
#   if { [llength [get_objects]] > 0} {
#     add_wave /
#     set_property needs_save false [current_wave_config]
#   } else {
#      send_msg_id Add_Wave-1 WARNING "No top level signals found. Simulator will start without a wave window. If you want to open a wave window go to 'File->New Waveform Configuration' or type 'create_wave_config' in the TCL console."
#   }
# }
# run 1000ns
INFO: [USF-XSim-96] XSim completed. Design snapshot 'dijkstra_tb_behav' loaded.
INFO: [USF-XSim-97] XSim simulation ran for 1000ns
launch_simulation: Time (s): cpu = 00:00:12 ; elapsed = 00:00:12 . Memory (MB): peak = 848.527 ; gain = 19.102
close_sim
INFO: [Simtcl 6-16] Simulation closed
launch_simulation
INFO: [Vivado 12-5682] Launching behavioral simulation in 'C:/Users/olafu/Desktop/SDUP/PROJEKT/SDUP_Dijkstra/Dijkstra/Dijkstra.sim/sim_1/behav/xsim'
INFO: [SIM-utils-51] Simulation object is 'sim_1'
INFO: [SIM-utils-54] Inspecting design source files for 'dijkstra_tb' in fileset 'sim_1'...
INFO: [USF-XSim-97] Finding global include files...
INFO: [USF-XSim-98] Fetching design files from 'sim_1'...
INFO: [USF-XSim-2] XSim::Compile design
INFO: [USF-XSim-61] Executing 'COMPILE and ANALYZE' step in 'C:/Users/olafu/Desktop/SDUP/PROJEKT/SDUP_Dijkstra/Dijkstra/Dijkstra.sim/sim_1/behav/xsim'
"xvlog --incr --relax -prj dijkstra_tb_vlog.prj"
INFO: [USF-XSim-69] 'compile' step finished in '1' seconds
INFO: [USF-XSim-3] XSim::Elaborate design
INFO: [USF-XSim-61] Executing 'ELABORATE' step in 'C:/Users/olafu/Desktop/SDUP/PROJEKT/SDUP_Dijkstra/Dijkstra/Dijkstra.sim/sim_1/behav/xsim'
Vivado Simulator 2018.3
Copyright 1986-1999, 2001-2018 Xilinx, Inc. All Rights Reserved.
Running: C:/Xilinx/Vivado/2018.3/bin/unwrapped/win64.o/xelab.exe -wto 73cba3cd0fd142d1879a83a08d57945d --incr --debug typical --relax --mt 2 -L xil_defaultlib -L unisims_ver -L unimacro_ver -L secureip --snapshot dijkstra_tb_behav xil_defaultlib.dijkstra_tb xil_defaultlib.glbl -log elaborate.log 
Using 2 slave threads.
Starting static elaboration
Completed static elaboration
INFO: [XSIM 43-4323] No Change in HDL. Linking previously generated obj files to create kernel
INFO: [USF-XSim-69] 'elaborate' step finished in '1' seconds
INFO: [USF-XSim-4] XSim::Simulate design
INFO: [USF-XSim-61] Executing 'SIMULATE' step in 'C:/Users/olafu/Desktop/SDUP/PROJEKT/SDUP_Dijkstra/Dijkstra/Dijkstra.sim/sim_1/behav/xsim'
INFO: [USF-XSim-98] *** Running xsim
   with args "dijkstra_tb_behav -key {Behavioral:sim_1:Functional:dijkstra_tb} -tclbatch {dijkstra_tb.tcl} -log {simulate.log}"
INFO: [USF-XSim-8] Loading simulator feature
Vivado Simulator 2018.3
Time resolution is 1 ps
source dijkstra_tb.tcl
# set curr_wave [current_wave_config]
# if { [string length $curr_wave] == 0 } {
#   if { [llength [get_objects]] > 0} {
#     add_wave /
#     set_property needs_save false [current_wave_config]
#   } else {
#      send_msg_id Add_Wave-1 WARNING "No top level signals found. Simulator will start without a wave window. If you want to open a wave window go to 'File->New Waveform Configuration' or type 'create_wave_config' in the TCL console."
#   }
# }
# run 1000ns
INFO: [USF-XSim-96] XSim completed. Design snapshot 'dijkstra_tb_behav' loaded.
INFO: [USF-XSim-97] XSim simulation ran for 1000ns
launch_simulation: Time (s): cpu = 00:00:06 ; elapsed = 00:00:06 . Memory (MB): peak = 855.469 ; gain = 0.000
set_property -name {xsim.simulate.runtime} -value {10000ns} -objects [get_filesets sim_1]
WARNING: [filemgmt 56-199] Attempt to get parsing info during refresh. "On-the-fly" syntax checking information may be incorrect. [C:/Users/olafu/Desktop/SDUP/PROJEKT/SDUP_Dijkstra/Dijkstra/Dijkstra.srcs/sources_1/new/dijkstra_behav.sv:]
WARNING: [filemgmt 56-199] Attempt to get parsing info during refresh. "On-the-fly" syntax checking information may be incorrect. [C:/Users/olafu/Desktop/SDUP/PROJEKT/SDUP_Dijkstra/Dijkstra/Dijkstra.srcs/sources_1/new/dijkstra_rtl.sv:]
WARNING: [filemgmt 56-199] Attempt to get parsing info during refresh. "On-the-fly" syntax checking information may be incorrect. [C:/Users/olafu/Desktop/SDUP/PROJEKT/SDUP_Dijkstra/Dijkstra/Dijkstra.srcs/sim_1/new/dijkstra_tb.sv:]
WARNING: [filemgmt 56-199] Attempt to get parsing info during refresh. "On-the-fly" syntax checking information may be incorrect. [C:/Users/olafu/Desktop/SDUP/PROJEKT/SDUP_Dijkstra/Dijkstra/Dijkstra.srcs/sources_1/new/dijkstra_behav.sv:]
WARNING: [filemgmt 56-199] Attempt to get parsing info during refresh. "On-the-fly" syntax checking information may be incorrect. [C:/Users/olafu/Desktop/SDUP/PROJEKT/SDUP_Dijkstra/Dijkstra/Dijkstra.srcs/sources_1/new/dijkstra_rtl.sv:]
WARNING: [filemgmt 56-199] Attempt to get parsing info during refresh. "On-the-fly" syntax checking information may be incorrect. [C:/Users/olafu/Desktop/SDUP/PROJEKT/SDUP_Dijkstra/Dijkstra/Dijkstra.srcs/sim_1/new/dijkstra_tb.sv:]
close_sim
INFO: [Simtcl 6-16] Simulation closed
launch_simulation
INFO: [Vivado 12-5682] Launching behavioral simulation in 'C:/Users/olafu/Desktop/SDUP/PROJEKT/SDUP_Dijkstra/Dijkstra/Dijkstra.sim/sim_1/behav/xsim'
INFO: [SIM-utils-51] Simulation object is 'sim_1'
INFO: [SIM-utils-54] Inspecting design source files for 'dijkstra_tb' in fileset 'sim_1'...
INFO: [USF-XSim-97] Finding global include files...
INFO: [USF-XSim-98] Fetching design files from 'sim_1'...
INFO: [USF-XSim-2] XSim::Compile design
INFO: [USF-XSim-61] Executing 'COMPILE and ANALYZE' step in 'C:/Users/olafu/Desktop/SDUP/PROJEKT/SDUP_Dijkstra/Dijkstra/Dijkstra.sim/sim_1/behav/xsim'
"xvlog --incr --relax -prj dijkstra_tb_vlog.prj"
INFO: [USF-XSim-69] 'compile' step finished in '1' seconds
INFO: [USF-XSim-3] XSim::Elaborate design
INFO: [USF-XSim-61] Executing 'ELABORATE' step in 'C:/Users/olafu/Desktop/SDUP/PROJEKT/SDUP_Dijkstra/Dijkstra/Dijkstra.sim/sim_1/behav/xsim'
Vivado Simulator 2018.3
Copyright 1986-1999, 2001-2018 Xilinx, Inc. All Rights Reserved.
Running: C:/Xilinx/Vivado/2018.3/bin/unwrapped/win64.o/xelab.exe -wto 73cba3cd0fd142d1879a83a08d57945d --incr --debug typical --relax --mt 2 -L xil_defaultlib -L unisims_ver -L unimacro_ver -L secureip --snapshot dijkstra_tb_behav xil_defaultlib.dijkstra_tb xil_defaultlib.glbl -log elaborate.log 
Using 2 slave threads.
Starting static elaboration
Completed static elaboration
INFO: [XSIM 43-4323] No Change in HDL. Linking previously generated obj files to create kernel
INFO: [USF-XSim-69] 'elaborate' step finished in '1' seconds
INFO: [USF-XSim-4] XSim::Simulate design
INFO: [USF-XSim-61] Executing 'SIMULATE' step in 'C:/Users/olafu/Desktop/SDUP/PROJEKT/SDUP_Dijkstra/Dijkstra/Dijkstra.sim/sim_1/behav/xsim'
INFO: [USF-XSim-98] *** Running xsim
   with args "dijkstra_tb_behav -key {Behavioral:sim_1:Functional:dijkstra_tb} -tclbatch {dijkstra_tb.tcl} -log {simulate.log}"
INFO: [USF-XSim-8] Loading simulator feature
Vivado Simulator 2018.3
Time resolution is 1 ps
source dijkstra_tb.tcl
# set curr_wave [current_wave_config]
# if { [string length $curr_wave] == 0 } {
#   if { [llength [get_objects]] > 0} {
#     add_wave /
#     set_property needs_save false [current_wave_config]
#   } else {
#      send_msg_id Add_Wave-1 WARNING "No top level signals found. Simulator will start without a wave window. If you want to open a wave window go to 'File->New Waveform Configuration' or type 'create_wave_config' in the TCL console."
#   }
# }
# run 10000ns
INFO: [USF-XSim-96] XSim completed. Design snapshot 'dijkstra_tb_behav' loaded.
INFO: [USF-XSim-97] XSim simulation ran for 10000ns
close_sim
INFO: [Simtcl 6-16] Simulation closed
launch_simulation
INFO: [Vivado 12-5682] Launching behavioral simulation in 'C:/Users/olafu/Desktop/SDUP/PROJEKT/SDUP_Dijkstra/Dijkstra/Dijkstra.sim/sim_1/behav/xsim'
INFO: [SIM-utils-51] Simulation object is 'sim_1'
INFO: [SIM-utils-54] Inspecting design source files for 'dijkstra_tb' in fileset 'sim_1'...
INFO: [USF-XSim-97] Finding global include files...
INFO: [USF-XSim-98] Fetching design files from 'sim_1'...
INFO: [USF-XSim-2] XSim::Compile design
INFO: [USF-XSim-61] Executing 'COMPILE and ANALYZE' step in 'C:/Users/olafu/Desktop/SDUP/PROJEKT/SDUP_Dijkstra/Dijkstra/Dijkstra.sim/sim_1/behav/xsim'
"xvlog --incr --relax -prj dijkstra_tb_vlog.prj"
INFO: [VRFC 10-2263] Analyzing SystemVerilog file "C:/Users/olafu/Desktop/SDUP/PROJEKT/SDUP_Dijkstra/Dijkstra/Dijkstra.srcs/sources_1/new/dijkstra_rtl.sv" into library xil_defaultlib
INFO: [VRFC 10-311] analyzing module dijkstra_rtl
INFO: [VRFC 10-2263] Analyzing SystemVerilog file "C:/Users/olafu/Desktop/SDUP/PROJEKT/SDUP_Dijkstra/Dijkstra/Dijkstra.srcs/sim_1/new/dijkstra_tb.sv" into library xil_defaultlib
INFO: [VRFC 10-311] analyzing module dijkstra_tb
INFO: [USF-XSim-69] 'compile' step finished in '1' seconds
INFO: [USF-XSim-3] XSim::Elaborate design
INFO: [USF-XSim-61] Executing 'ELABORATE' step in 'C:/Users/olafu/Desktop/SDUP/PROJEKT/SDUP_Dijkstra/Dijkstra/Dijkstra.sim/sim_1/behav/xsim'
Vivado Simulator 2018.3
Copyright 1986-1999, 2001-2018 Xilinx, Inc. All Rights Reserved.
Running: C:/Xilinx/Vivado/2018.3/bin/unwrapped/win64.o/xelab.exe -wto 73cba3cd0fd142d1879a83a08d57945d --incr --debug typical --relax --mt 2 -L xil_defaultlib -L unisims_ver -L unimacro_ver -L secureip --snapshot dijkstra_tb_behav xil_defaultlib.dijkstra_tb xil_defaultlib.glbl -log elaborate.log 
Using 2 slave threads.
Starting static elaboration
Completed static elaboration
Starting simulation data flow analysis
Completed simulation data flow analysis
Time Resolution for simulation is 1ps
Compiling module xil_defaultlib.dijkstra_rtl(MAX_VALUE=255)
Compiling module xil_defaultlib.dijkstra_tb
Compiling module xil_defaultlib.glbl
Built simulation snapshot dijkstra_tb_behav
INFO: [USF-XSim-69] 'elaborate' step finished in '1' seconds
INFO: [USF-XSim-4] XSim::Simulate design
INFO: [USF-XSim-61] Executing 'SIMULATE' step in 'C:/Users/olafu/Desktop/SDUP/PROJEKT/SDUP_Dijkstra/Dijkstra/Dijkstra.sim/sim_1/behav/xsim'
INFO: [USF-XSim-98] *** Running xsim
   with args "dijkstra_tb_behav -key {Behavioral:sim_1:Functional:dijkstra_tb} -tclbatch {dijkstra_tb.tcl} -log {simulate.log}"
INFO: [USF-XSim-8] Loading simulator feature
Vivado Simulator 2018.3
Time resolution is 1 ps
source dijkstra_tb.tcl
# set curr_wave [current_wave_config]
# if { [string length $curr_wave] == 0 } {
#   if { [llength [get_objects]] > 0} {
#     add_wave /
#     set_property needs_save false [current_wave_config]
#   } else {
#      send_msg_id Add_Wave-1 WARNING "No top level signals found. Simulator will start without a wave window. If you want to open a wave window go to 'File->New Waveform Configuration' or type 'create_wave_config' in the TCL console."
#   }
# }
# run 10000ns
INFO: [USF-XSim-96] XSim completed. Design snapshot 'dijkstra_tb_behav' loaded.
INFO: [USF-XSim-97] XSim simulation ran for 10000ns
close_sim
INFO: [Simtcl 6-16] Simulation closed
launch_simulation
INFO: [Vivado 12-5682] Launching behavioral simulation in 'C:/Users/olafu/Desktop/SDUP/PROJEKT/SDUP_Dijkstra/Dijkstra/Dijkstra.sim/sim_1/behav/xsim'
INFO: [SIM-utils-51] Simulation object is 'sim_1'
INFO: [SIM-utils-54] Inspecting design source files for 'dijkstra_tb' in fileset 'sim_1'...
INFO: [USF-XSim-97] Finding global include files...
INFO: [USF-XSim-98] Fetching design files from 'sim_1'...
INFO: [USF-XSim-2] XSim::Compile design
INFO: [USF-XSim-61] Executing 'COMPILE and ANALYZE' step in 'C:/Users/olafu/Desktop/SDUP/PROJEKT/SDUP_Dijkstra/Dijkstra/Dijkstra.sim/sim_1/behav/xsim'
"xvlog --incr --relax -prj dijkstra_tb_vlog.prj"
INFO: [VRFC 10-2263] Analyzing SystemVerilog file "C:/Users/olafu/Desktop/SDUP/PROJEKT/SDUP_Dijkstra/Dijkstra/Dijkstra.srcs/sources_1/new/dijkstra_rtl.sv" into library xil_defaultlib
INFO: [VRFC 10-311] analyzing module dijkstra_rtl
INFO: [VRFC 10-2263] Analyzing SystemVerilog file "C:/Users/olafu/Desktop/SDUP/PROJEKT/SDUP_Dijkstra/Dijkstra/Dijkstra.srcs/sim_1/new/dijkstra_tb.sv" into library xil_defaultlib
INFO: [VRFC 10-311] analyzing module dijkstra_tb
INFO: [USF-XSim-69] 'compile' step finished in '2' seconds
INFO: [USF-XSim-3] XSim::Elaborate design
INFO: [USF-XSim-61] Executing 'ELABORATE' step in 'C:/Users/olafu/Desktop/SDUP/PROJEKT/SDUP_Dijkstra/Dijkstra/Dijkstra.sim/sim_1/behav/xsim'
Vivado Simulator 2018.3
Copyright 1986-1999, 2001-2018 Xilinx, Inc. All Rights Reserved.
Running: C:/Xilinx/Vivado/2018.3/bin/unwrapped/win64.o/xelab.exe -wto 73cba3cd0fd142d1879a83a08d57945d --incr --debug typical --relax --mt 2 -L xil_defaultlib -L unisims_ver -L unimacro_ver -L secureip --snapshot dijkstra_tb_behav xil_defaultlib.dijkstra_tb xil_defaultlib.glbl -log elaborate.log 
Using 2 slave threads.
Starting static elaboration
Completed static elaboration
Starting simulation data flow analysis
Completed simulation data flow analysis
Time Resolution for simulation is 1ps
Compiling module xil_defaultlib.dijkstra_rtl(MAX_VALUE=255)
Compiling module xil_defaultlib.dijkstra_tb
Compiling module xil_defaultlib.glbl
Built simulation snapshot dijkstra_tb_behav
INFO: [USF-XSim-69] 'elaborate' step finished in '1' seconds
INFO: [USF-XSim-4] XSim::Simulate design
INFO: [USF-XSim-61] Executing 'SIMULATE' step in 'C:/Users/olafu/Desktop/SDUP/PROJEKT/SDUP_Dijkstra/Dijkstra/Dijkstra.sim/sim_1/behav/xsim'
INFO: [USF-XSim-98] *** Running xsim
   with args "dijkstra_tb_behav -key {Behavioral:sim_1:Functional:dijkstra_tb} -tclbatch {dijkstra_tb.tcl} -log {simulate.log}"
INFO: [USF-XSim-8] Loading simulator feature
Vivado Simulator 2018.3
Time resolution is 1 ps
source dijkstra_tb.tcl
# set curr_wave [current_wave_config]
# if { [string length $curr_wave] == 0 } {
#   if { [llength [get_objects]] > 0} {
#     add_wave /
#     set_property needs_save false [current_wave_config]
#   } else {
#      send_msg_id Add_Wave-1 WARNING "No top level signals found. Simulator will start without a wave window. If you want to open a wave window go to 'File->New Waveform Configuration' or type 'create_wave_config' in the TCL console."
#   }
# }
# run 10000ns
INFO: [USF-XSim-96] XSim completed. Design snapshot 'dijkstra_tb_behav' loaded.
INFO: [USF-XSim-97] XSim simulation ran for 10000ns
close_sim
INFO: [Simtcl 6-16] Simulation closed
launch_simulation
INFO: [Vivado 12-5682] Launching behavioral simulation in 'C:/Users/olafu/Desktop/SDUP/PROJEKT/SDUP_Dijkstra/Dijkstra/Dijkstra.sim/sim_1/behav/xsim'
INFO: [SIM-utils-51] Simulation object is 'sim_1'
INFO: [SIM-utils-54] Inspecting design source files for 'dijkstra_tb' in fileset 'sim_1'...
INFO: [USF-XSim-97] Finding global include files...
INFO: [USF-XSim-98] Fetching design files from 'sim_1'...
INFO: [USF-XSim-2] XSim::Compile design
INFO: [USF-XSim-61] Executing 'COMPILE and ANALYZE' step in 'C:/Users/olafu/Desktop/SDUP/PROJEKT/SDUP_Dijkstra/Dijkstra/Dijkstra.sim/sim_1/behav/xsim'
"xvlog --incr --relax -prj dijkstra_tb_vlog.prj"
INFO: [USF-XSim-69] 'compile' step finished in '1' seconds
INFO: [USF-XSim-3] XSim::Elaborate design
INFO: [USF-XSim-61] Executing 'ELABORATE' step in 'C:/Users/olafu/Desktop/SDUP/PROJEKT/SDUP_Dijkstra/Dijkstra/Dijkstra.sim/sim_1/behav/xsim'
Vivado Simulator 2018.3
Copyright 1986-1999, 2001-2018 Xilinx, Inc. All Rights Reserved.
Running: C:/Xilinx/Vivado/2018.3/bin/unwrapped/win64.o/xelab.exe -wto 73cba3cd0fd142d1879a83a08d57945d --incr --debug typical --relax --mt 2 -L xil_defaultlib -L unisims_ver -L unimacro_ver -L secureip --snapshot dijkstra_tb_behav xil_defaultlib.dijkstra_tb xil_defaultlib.glbl -log elaborate.log 
Using 2 slave threads.
Starting static elaboration
Completed static elaboration
INFO: [XSIM 43-4323] No Change in HDL. Linking previously generated obj files to create kernel
INFO: [USF-XSim-69] 'elaborate' step finished in '1' seconds
INFO: [USF-XSim-4] XSim::Simulate design
INFO: [USF-XSim-61] Executing 'SIMULATE' step in 'C:/Users/olafu/Desktop/SDUP/PROJEKT/SDUP_Dijkstra/Dijkstra/Dijkstra.sim/sim_1/behav/xsim'
INFO: [USF-XSim-98] *** Running xsim
   with args "dijkstra_tb_behav -key {Behavioral:sim_1:Functional:dijkstra_tb} -tclbatch {dijkstra_tb.tcl} -log {simulate.log}"
INFO: [USF-XSim-8] Loading simulator feature
Vivado Simulator 2018.3
Time resolution is 1 ps
source dijkstra_tb.tcl
# set curr_wave [current_wave_config]
# if { [string length $curr_wave] == 0 } {
#   if { [llength [get_objects]] > 0} {
#     add_wave /
#     set_property needs_save false [current_wave_config]
#   } else {
#      send_msg_id Add_Wave-1 WARNING "No top level signals found. Simulator will start without a wave window. If you want to open a wave window go to 'File->New Waveform Configuration' or type 'create_wave_config' in the TCL console."
#   }
# }
# run 10000ns
INFO: [USF-XSim-96] XSim completed. Design snapshot 'dijkstra_tb_behav' loaded.
INFO: [USF-XSim-97] XSim simulation ran for 10000ns
run all
run all
run: Time (s): cpu = 00:00:31 ; elapsed = 00:00:22 . Memory (MB): peak = 974.828 ; gain = 0.000
run all
run: Time (s): cpu = 00:04:07 ; elapsed = 00:04:00 . Memory (MB): peak = 975.426 ; gain = 0.598
close_sim
INFO: [Simtcl 6-16] Simulation closed
launch_simulation
INFO: [Vivado 12-5682] Launching behavioral simulation in 'C:/Users/olafu/Desktop/SDUP/PROJEKT/SDUP_Dijkstra/Dijkstra/Dijkstra.sim/sim_1/behav/xsim'
INFO: [SIM-utils-51] Simulation object is 'sim_1'
INFO: [SIM-utils-54] Inspecting design source files for 'dijkstra_tb' in fileset 'sim_1'...
INFO: [USF-XSim-97] Finding global include files...
INFO: [USF-XSim-98] Fetching design files from 'sim_1'...
INFO: [USF-XSim-2] XSim::Compile design
INFO: [USF-XSim-61] Executing 'COMPILE and ANALYZE' step in 'C:/Users/olafu/Desktop/SDUP/PROJEKT/SDUP_Dijkstra/Dijkstra/Dijkstra.sim/sim_1/behav/xsim'
"xvlog --incr --relax -prj dijkstra_tb_vlog.prj"
INFO: [VRFC 10-2263] Analyzing SystemVerilog file "C:/Users/olafu/Desktop/SDUP/PROJEKT/SDUP_Dijkstra/Dijkstra/Dijkstra.srcs/sources_1/new/dijkstra_rtl.sv" into library xil_defaultlib
INFO: [VRFC 10-311] analyzing module dijkstra_rtl
INFO: [VRFC 10-2263] Analyzing SystemVerilog file "C:/Users/olafu/Desktop/SDUP/PROJEKT/SDUP_Dijkstra/Dijkstra/Dijkstra.srcs/sim_1/new/dijkstra_tb.sv" into library xil_defaultlib
INFO: [VRFC 10-311] analyzing module dijkstra_tb
INFO: [USF-XSim-69] 'compile' step finished in '1' seconds
INFO: [USF-XSim-3] XSim::Elaborate design
INFO: [USF-XSim-61] Executing 'ELABORATE' step in 'C:/Users/olafu/Desktop/SDUP/PROJEKT/SDUP_Dijkstra/Dijkstra/Dijkstra.sim/sim_1/behav/xsim'
Vivado Simulator 2018.3
Copyright 1986-1999, 2001-2018 Xilinx, Inc. All Rights Reserved.
Running: C:/Xilinx/Vivado/2018.3/bin/unwrapped/win64.o/xelab.exe -wto 73cba3cd0fd142d1879a83a08d57945d --incr --debug typical --relax --mt 2 -L xil_defaultlib -L unisims_ver -L unimacro_ver -L secureip --snapshot dijkstra_tb_behav xil_defaultlib.dijkstra_tb xil_defaultlib.glbl -log elaborate.log 
Using 2 slave threads.
Starting static elaboration
ERROR: [VRFC 10-3818] variable 'distance' is driven by invalid combination of procedural drivers [C:/Users/olafu/Desktop/SDUP/PROJEKT/SDUP_Dijkstra/Dijkstra/Dijkstra.srcs/sources_1/new/dijkstra_rtl.sv:15]
WARNING: [VRFC 10-2921] 'distance' driven by this always_comb block should not be driven by any other process [C:/Users/olafu/Desktop/SDUP/PROJEKT/SDUP_Dijkstra/Dijkstra/Dijkstra.srcs/sources_1/new/dijkstra_rtl.sv:72]
ERROR: [XSIM 43-3322] Static elaboration of top level Verilog design unit(s) in library work failed.
INFO: [USF-XSim-69] 'elaborate' step finished in '1' seconds
INFO: [USF-XSim-99] Step results log file:'C:/Users/olafu/Desktop/SDUP/PROJEKT/SDUP_Dijkstra/Dijkstra/Dijkstra.sim/sim_1/behav/xsim/elaborate.log'
ERROR: [USF-XSim-62] 'elaborate' step failed with error(s). Please check the Tcl console output or 'C:/Users/olafu/Desktop/SDUP/PROJEKT/SDUP_Dijkstra/Dijkstra/Dijkstra.sim/sim_1/behav/xsim/elaborate.log' file for more information.
ERROR: [Vivado 12-4473] Detected error while running simulation. Please correct the issue and retry this operation.
ERROR: [Common 17-39] 'launch_simulation' failed due to earlier errors.
launch_simulation
INFO: [Vivado 12-5682] Launching behavioral simulation in 'C:/Users/olafu/Desktop/SDUP/PROJEKT/SDUP_Dijkstra/Dijkstra/Dijkstra.sim/sim_1/behav/xsim'
INFO: [SIM-utils-51] Simulation object is 'sim_1'
INFO: [SIM-utils-54] Inspecting design source files for 'dijkstra_tb' in fileset 'sim_1'...
INFO: [USF-XSim-97] Finding global include files...
INFO: [USF-XSim-98] Fetching design files from 'sim_1'...
INFO: [USF-XSim-2] XSim::Compile design
INFO: [USF-XSim-61] Executing 'COMPILE and ANALYZE' step in 'C:/Users/olafu/Desktop/SDUP/PROJEKT/SDUP_Dijkstra/Dijkstra/Dijkstra.sim/sim_1/behav/xsim'
"xvlog --incr --relax -prj dijkstra_tb_vlog.prj"
INFO: [VRFC 10-2263] Analyzing SystemVerilog file "C:/Users/olafu/Desktop/SDUP/PROJEKT/SDUP_Dijkstra/Dijkstra/Dijkstra.srcs/sources_1/new/dijkstra_rtl.sv" into library xil_defaultlib
INFO: [VRFC 10-311] analyzing module dijkstra_rtl
INFO: [VRFC 10-2263] Analyzing SystemVerilog file "C:/Users/olafu/Desktop/SDUP/PROJEKT/SDUP_Dijkstra/Dijkstra/Dijkstra.srcs/sim_1/new/dijkstra_tb.sv" into library xil_defaultlib
INFO: [VRFC 10-311] analyzing module dijkstra_tb
INFO: [USF-XSim-69] 'compile' step finished in '1' seconds
INFO: [USF-XSim-3] XSim::Elaborate design
INFO: [USF-XSim-61] Executing 'ELABORATE' step in 'C:/Users/olafu/Desktop/SDUP/PROJEKT/SDUP_Dijkstra/Dijkstra/Dijkstra.sim/sim_1/behav/xsim'
Vivado Simulator 2018.3
Copyright 1986-1999, 2001-2018 Xilinx, Inc. All Rights Reserved.
Running: C:/Xilinx/Vivado/2018.3/bin/unwrapped/win64.o/xelab.exe -wto 73cba3cd0fd142d1879a83a08d57945d --incr --debug typical --relax --mt 2 -L xil_defaultlib -L unisims_ver -L unimacro_ver -L secureip --snapshot dijkstra_tb_behav xil_defaultlib.dijkstra_tb xil_defaultlib.glbl -log elaborate.log 
Using 2 slave threads.
Starting static elaboration
Completed static elaboration
Starting simulation data flow analysis
Completed simulation data flow analysis
Time Resolution for simulation is 1ps
Compiling module xil_defaultlib.dijkstra_rtl(MAX_VALUE=255)
Compiling module xil_defaultlib.dijkstra_tb
Compiling module xil_defaultlib.glbl
Built simulation snapshot dijkstra_tb_behav
INFO: [USF-XSim-69] 'elaborate' step finished in '3' seconds
INFO: [USF-XSim-4] XSim::Simulate design
INFO: [USF-XSim-61] Executing 'SIMULATE' step in 'C:/Users/olafu/Desktop/SDUP/PROJEKT/SDUP_Dijkstra/Dijkstra/Dijkstra.sim/sim_1/behav/xsim'
INFO: [USF-XSim-98] *** Running xsim
   with args "dijkstra_tb_behav -key {Behavioral:sim_1:Functional:dijkstra_tb} -tclbatch {dijkstra_tb.tcl} -log {simulate.log}"
INFO: [USF-XSim-8] Loading simulator feature
Vivado Simulator 2018.3
Time resolution is 1 ps
source dijkstra_tb.tcl
# set curr_wave [current_wave_config]
# if { [string length $curr_wave] == 0 } {
#   if { [llength [get_objects]] > 0} {
#     add_wave /
#     set_property needs_save false [current_wave_config]
#   } else {
#      send_msg_id Add_Wave-1 WARNING "No top level signals found. Simulator will start without a wave window. If you want to open a wave window go to 'File->New Waveform Configuration' or type 'create_wave_config' in the TCL console."
#   }
# }
# run 10000ns
INFO: [USF-XSim-96] XSim completed. Design snapshot 'dijkstra_tb_behav' loaded.
INFO: [USF-XSim-97] XSim simulation ran for 10000ns
launch_simulation: Time (s): cpu = 00:00:04 ; elapsed = 00:00:09 . Memory (MB): peak = 975.426 ; gain = 0.000
run all
run: Time (s): cpu = 00:00:08 ; elapsed = 00:00:06 . Memory (MB): peak = 975.426 ; gain = 0.000
relaunch_sim
INFO: [Vivado 12-5682] Launching behavioral simulation in 'C:/Users/olafu/Desktop/SDUP/PROJEKT/SDUP_Dijkstra/Dijkstra/Dijkstra.sim/sim_1/behav/xsim'
INFO: [SIM-utils-51] Simulation object is 'sim_1'
INFO: [SIM-utils-54] Inspecting design source files for 'dijkstra_tb' in fileset 'sim_1'...
INFO: [USF-XSim-97] Finding global include files...
INFO: [USF-XSim-98] Fetching design files from 'sim_1'...
INFO: [USF-XSim-2] XSim::Compile design
INFO: [USF-XSim-61] Executing 'COMPILE and ANALYZE' step in 'C:/Users/olafu/Desktop/SDUP/PROJEKT/SDUP_Dijkstra/Dijkstra/Dijkstra.sim/sim_1/behav/xsim'
"xvlog --incr --relax -prj dijkstra_tb_vlog.prj"
INFO: [USF-XSim-69] 'compile' step finished in '3' seconds
INFO: [Vivado 12-5682] Launching behavioral simulation in 'C:/Users/olafu/Desktop/SDUP/PROJEKT/SDUP_Dijkstra/Dijkstra/Dijkstra.sim/sim_1/behav/xsim'
INFO: [USF-XSim-3] XSim::Elaborate design
INFO: [USF-XSim-61] Executing 'ELABORATE' step in 'C:/Users/olafu/Desktop/SDUP/PROJEKT/SDUP_Dijkstra/Dijkstra/Dijkstra.sim/sim_1/behav/xsim'
Vivado Simulator 2018.3
Copyright 1986-1999, 2001-2018 Xilinx, Inc. All Rights Reserved.
Running: C:/Xilinx/Vivado/2018.3/bin/unwrapped/win64.o/xelab.exe -wto 73cba3cd0fd142d1879a83a08d57945d --incr --debug typical --relax --mt 2 -L xil_defaultlib -L unisims_ver -L unimacro_ver -L secureip --snapshot dijkstra_tb_behav xil_defaultlib.dijkstra_tb xil_defaultlib.glbl -log elaborate.log 
Using 2 slave threads.
Starting static elaboration
Completed static elaboration
INFO: [XSIM 43-4323] No Change in HDL. Linking previously generated obj files to create kernel
INFO: [USF-XSim-69] 'elaborate' step finished in '3' seconds
Vivado Simulator 2018.3
Time resolution is 1 ps
relaunch_sim: Time (s): cpu = 00:00:03 ; elapsed = 00:00:10 . Memory (MB): peak = 975.426 ; gain = 0.000
close_sim
INFO: [Simtcl 6-16] Simulation closed
launch_simulation
INFO: [Vivado 12-5682] Launching behavioral simulation in 'C:/Users/olafu/Desktop/SDUP/PROJEKT/SDUP_Dijkstra/Dijkstra/Dijkstra.sim/sim_1/behav/xsim'
INFO: [SIM-utils-51] Simulation object is 'sim_1'
INFO: [SIM-utils-54] Inspecting design source files for 'dijkstra_tb' in fileset 'sim_1'...
INFO: [USF-XSim-97] Finding global include files...
INFO: [USF-XSim-98] Fetching design files from 'sim_1'...
INFO: [USF-XSim-2] XSim::Compile design
INFO: [USF-XSim-61] Executing 'COMPILE and ANALYZE' step in 'C:/Users/olafu/Desktop/SDUP/PROJEKT/SDUP_Dijkstra/Dijkstra/Dijkstra.sim/sim_1/behav/xsim'
"xvlog --incr --relax -prj dijkstra_tb_vlog.prj"
INFO: [VRFC 10-2263] Analyzing SystemVerilog file "C:/Users/olafu/Desktop/SDUP/PROJEKT/SDUP_Dijkstra/Dijkstra/Dijkstra.srcs/sources_1/new/dijkstra_rtl.sv" into library xil_defaultlib
INFO: [VRFC 10-311] analyzing module dijkstra_rtl
INFO: [VRFC 10-2263] Analyzing SystemVerilog file "C:/Users/olafu/Desktop/SDUP/PROJEKT/SDUP_Dijkstra/Dijkstra/Dijkstra.srcs/sim_1/new/dijkstra_tb.sv" into library xil_defaultlib
INFO: [VRFC 10-311] analyzing module dijkstra_tb
INFO: [USF-XSim-69] 'compile' step finished in '2' seconds
INFO: [USF-XSim-3] XSim::Elaborate design
INFO: [USF-XSim-61] Executing 'ELABORATE' step in 'C:/Users/olafu/Desktop/SDUP/PROJEKT/SDUP_Dijkstra/Dijkstra/Dijkstra.sim/sim_1/behav/xsim'
Vivado Simulator 2018.3
Copyright 1986-1999, 2001-2018 Xilinx, Inc. All Rights Reserved.
Running: C:/Xilinx/Vivado/2018.3/bin/unwrapped/win64.o/xelab.exe -wto 73cba3cd0fd142d1879a83a08d57945d --incr --debug typical --relax --mt 2 -L xil_defaultlib -L unisims_ver -L unimacro_ver -L secureip --snapshot dijkstra_tb_behav xil_defaultlib.dijkstra_tb xil_defaultlib.glbl -log elaborate.log 
Using 2 slave threads.
Starting static elaboration
Completed static elaboration
Starting simulation data flow analysis
Completed simulation data flow analysis
Time Resolution for simulation is 1ps
Compiling module xil_defaultlib.dijkstra_rtl(MAX_VALUE=255)
Compiling module xil_defaultlib.dijkstra_tb
Compiling module xil_defaultlib.glbl
Built simulation snapshot dijkstra_tb_behav
INFO: [USF-XSim-69] 'elaborate' step finished in '4' seconds
INFO: [USF-XSim-4] XSim::Simulate design
INFO: [USF-XSim-61] Executing 'SIMULATE' step in 'C:/Users/olafu/Desktop/SDUP/PROJEKT/SDUP_Dijkstra/Dijkstra/Dijkstra.sim/sim_1/behav/xsim'
INFO: [USF-XSim-98] *** Running xsim
   with args "dijkstra_tb_behav -key {Behavioral:sim_1:Functional:dijkstra_tb} -tclbatch {dijkstra_tb.tcl} -log {simulate.log}"
INFO: [USF-XSim-8] Loading simulator feature
Vivado Simulator 2018.3
Time resolution is 1 ps
source dijkstra_tb.tcl
# set curr_wave [current_wave_config]
# if { [string length $curr_wave] == 0 } {
#   if { [llength [get_objects]] > 0} {
#     add_wave /
#     set_property needs_save false [current_wave_config]
#   } else {
#      send_msg_id Add_Wave-1 WARNING "No top level signals found. Simulator will start without a wave window. If you want to open a wave window go to 'File->New Waveform Configuration' or type 'create_wave_config' in the TCL console."
#   }
# }
# run 10000ns
INFO: [USF-XSim-96] XSim completed. Design snapshot 'dijkstra_tb_behav' loaded.
INFO: [USF-XSim-97] XSim simulation ran for 10000ns
launch_simulation: Time (s): cpu = 00:00:06 ; elapsed = 00:00:10 . Memory (MB): peak = 975.426 ; gain = 0.000
relaunch_sim
INFO: [Vivado 12-5682] Launching behavioral simulation in 'C:/Users/olafu/Desktop/SDUP/PROJEKT/SDUP_Dijkstra/Dijkstra/Dijkstra.sim/sim_1/behav/xsim'
INFO: [SIM-utils-51] Simulation object is 'sim_1'
INFO: [SIM-utils-54] Inspecting design source files for 'dijkstra_tb' in fileset 'sim_1'...
INFO: [USF-XSim-97] Finding global include files...
INFO: [USF-XSim-98] Fetching design files from 'sim_1'...
INFO: [USF-XSim-2] XSim::Compile design
INFO: [USF-XSim-61] Executing 'COMPILE and ANALYZE' step in 'C:/Users/olafu/Desktop/SDUP/PROJEKT/SDUP_Dijkstra/Dijkstra/Dijkstra.sim/sim_1/behav/xsim'
"xvlog --incr --relax -prj dijkstra_tb_vlog.prj"
INFO: [USF-XSim-69] 'compile' step finished in '2' seconds
INFO: [Vivado 12-5682] Launching behavioral simulation in 'C:/Users/olafu/Desktop/SDUP/PROJEKT/SDUP_Dijkstra/Dijkstra/Dijkstra.sim/sim_1/behav/xsim'
INFO: [USF-XSim-3] XSim::Elaborate design
INFO: [USF-XSim-61] Executing 'ELABORATE' step in 'C:/Users/olafu/Desktop/SDUP/PROJEKT/SDUP_Dijkstra/Dijkstra/Dijkstra.sim/sim_1/behav/xsim'
Vivado Simulator 2018.3
Copyright 1986-1999, 2001-2018 Xilinx, Inc. All Rights Reserved.
Running: C:/Xilinx/Vivado/2018.3/bin/unwrapped/win64.o/xelab.exe -wto 73cba3cd0fd142d1879a83a08d57945d --incr --debug typical --relax --mt 2 -L xil_defaultlib -L unisims_ver -L unimacro_ver -L secureip --snapshot dijkstra_tb_behav xil_defaultlib.dijkstra_tb xil_defaultlib.glbl -log elaborate.log 
Using 2 slave threads.
Starting static elaboration
Completed static elaboration
INFO: [XSIM 43-4323] No Change in HDL. Linking previously generated obj files to create kernel
INFO: [USF-XSim-69] 'elaborate' step finished in '3' seconds
Vivado Simulator 2018.3
Time resolution is 1 ps
relaunch_sim: Time (s): cpu = 00:00:02 ; elapsed = 00:00:08 . Memory (MB): peak = 975.426 ; gain = 0.000
