#-----------------------------------------------------------
# Vivado v2018.3 (64-bit)
# SW Build 2405991 on Thu Dec  6 23:38:27 MST 2018
# IP Build 2404404 on Fri Dec  7 01:43:56 MST 2018
# Start of session at: Thu Jun  1 09:26:04 2023
# Process ID: 1876
# Current directory: C:/Users/olafu/Desktop/SDUP/PROJEKT/Dijkstra
# Command line: vivado.exe -gui_launcher_event rodinguilauncherevent18388 C:\Users\olafu\Desktop\SDUP\PROJEKT\Dijkstra\Dijkstra.xpr
# Log file: C:/Users/olafu/Desktop/SDUP/PROJEKT/Dijkstra/vivado.log
# Journal file: C:/Users/olafu/Desktop/SDUP/PROJEKT/Dijkstra\vivado.jou
#-----------------------------------------------------------
start_gui
open_project C:/Users/olafu/Desktop/SDUP/PROJEKT/Dijkstra/Dijkstra.xpr
Scanning sources...
Finished scanning sources
INFO: [IP_Flow 19-234] Refreshing IP repositories
INFO: [IP_Flow 19-1704] No user IP repositories specified
INFO: [IP_Flow 19-2313] Loaded Vivado IP repository 'C:/Xilinx/Vivado/2018.3/data/ip'.
open_project: Time (s): cpu = 00:00:41 ; elapsed = 00:00:34 . Memory (MB): peak = 814.648 ; gain = 215.422
update_compile_order -fileset sources_1
launch_simulation
INFO: [Vivado 12-5682] Launching behavioral simulation in 'C:/Users/olafu/Desktop/SDUP/PROJEKT/Dijkstra/Dijkstra.sim/sim_1/behav/xsim'
INFO: [SIM-utils-51] Simulation object is 'sim_1'
INFO: [SIM-utils-54] Inspecting design source files for 'dijkstra_behav' in fileset 'sim_1'...
INFO: [USF-XSim-97] Finding global include files...
INFO: [USF-XSim-98] Fetching design files from 'sim_1'...
INFO: [USF-XSim-2] XSim::Compile design
INFO: [USF-XSim-61] Executing 'COMPILE and ANALYZE' step in 'C:/Users/olafu/Desktop/SDUP/PROJEKT/Dijkstra/Dijkstra.sim/sim_1/behav/xsim'
"xvlog --incr --relax -prj dijkstra_behav_vlog.prj"
INFO: [USF-XSim-69] 'compile' step finished in '2' seconds
INFO: [USF-XSim-3] XSim::Elaborate design
INFO: [USF-XSim-61] Executing 'ELABORATE' step in 'C:/Users/olafu/Desktop/SDUP/PROJEKT/Dijkstra/Dijkstra.sim/sim_1/behav/xsim'
Vivado Simulator 2018.3
Copyright 1986-1999, 2001-2018 Xilinx, Inc. All Rights Reserved.
Running: C:/Xilinx/Vivado/2018.3/bin/unwrapped/win64.o/xelab.exe -wto 73cba3cd0fd142d1879a83a08d57945d --incr --debug typical --relax --mt 2 -L xil_defaultlib -L unisims_ver -L unimacro_ver -L secureip --snapshot dijkstra_behav_behav xil_defaultlib.dijkstra_behav xil_defaultlib.glbl -log elaborate.log 
Using 2 slave threads.
Starting static elaboration
Completed static elaboration
INFO: [XSIM 43-4323] No Change in HDL. Linking previously generated obj files to create kernel
INFO: [USF-XSim-69] 'elaborate' step finished in '2' seconds
INFO: [USF-XSim-4] XSim::Simulate design
INFO: [USF-XSim-61] Executing 'SIMULATE' step in 'C:/Users/olafu/Desktop/SDUP/PROJEKT/Dijkstra/Dijkstra.sim/sim_1/behav/xsim'
INFO: [USF-XSim-98] *** Running xsim
   with args "dijkstra_behav_behav -key {Behavioral:sim_1:Functional:dijkstra_behav} -tclbatch {dijkstra_behav.tcl} -log {simulate.log}"
INFO: [USF-XSim-8] Loading simulator feature
Vivado Simulator 2018.3
Time resolution is 1 ps
source dijkstra_behav.tcl
# set curr_wave [current_wave_config]
# if { [string length $curr_wave] == 0 } {
#   if { [llength [get_objects]] > 0} {
#     add_wave /
#     set_property needs_save false [current_wave_config]
#   } else {
#      send_msg_id Add_Wave-1 WARNING "No top level signals found. Simulator will start without a wave window. If you want to open a wave window go to 'File->New Waveform Configuration' or type 'create_wave_config' in the TCL console."
#   }
# }
# run 1000ns
	 distance[0] = 0
	 distance[1] = 5
	 distance[2] = 7
	 distance[3] = 6
	 distance[4] = 3
	 distance[5] = 5
	 distance[6] = 6
	 distance[7] = 9
	 distance[8] = 10
	 distance[9] = 15
	 distance[10] = 18
	 prev[0] = 0
	 prev[1] = 0
	 prev[2] = 1
	 prev[3] = 4
	 prev[4] = 0
	 prev[5] = 4
	 prev[6] = 5
	 prev[7] = 6
	 prev[8] = 7
	 prev[9] = 8
	 prev[10] = 9
xsim: Time (s): cpu = 00:00:08 ; elapsed = 00:00:06 . Memory (MB): peak = 822.645 ; gain = 7.996
INFO: [USF-XSim-96] XSim completed. Design snapshot 'dijkstra_behav_behav' loaded.
INFO: [USF-XSim-97] XSim simulation ran for 1000ns
launch_simulation: Time (s): cpu = 00:00:10 ; elapsed = 00:00:10 . Memory (MB): peak = 822.645 ; gain = 7.996
close_sim
INFO: [Simtcl 6-16] Simulation closed
launch_simulation
INFO: [Vivado 12-5682] Launching behavioral simulation in 'C:/Users/olafu/Desktop/SDUP/PROJEKT/Dijkstra/Dijkstra.sim/sim_1/behav/xsim'
INFO: [SIM-utils-51] Simulation object is 'sim_1'
INFO: [SIM-utils-54] Inspecting design source files for 'dijkstra_behav' in fileset 'sim_1'...
INFO: [USF-XSim-97] Finding global include files...
INFO: [USF-XSim-98] Fetching design files from 'sim_1'...
INFO: [USF-XSim-2] XSim::Compile design
INFO: [USF-XSim-61] Executing 'COMPILE and ANALYZE' step in 'C:/Users/olafu/Desktop/SDUP/PROJEKT/Dijkstra/Dijkstra.sim/sim_1/behav/xsim'
"xvlog --incr --relax -prj dijkstra_behav_vlog.prj"
INFO: [VRFC 10-2263] Analyzing SystemVerilog file "C:/Users/olafu/Desktop/SDUP/PROJEKT/Dijkstra/Dijkstra.srcs/sources_1/new/dijkstra_behav.sv" into library xil_defaultlib
INFO: [VRFC 10-311] analyzing module dijkstra_behav
INFO: [USF-XSim-69] 'compile' step finished in '3' seconds
INFO: [USF-XSim-3] XSim::Elaborate design
INFO: [USF-XSim-61] Executing 'ELABORATE' step in 'C:/Users/olafu/Desktop/SDUP/PROJEKT/Dijkstra/Dijkstra.sim/sim_1/behav/xsim'
Vivado Simulator 2018.3
Copyright 1986-1999, 2001-2018 Xilinx, Inc. All Rights Reserved.
Running: C:/Xilinx/Vivado/2018.3/bin/unwrapped/win64.o/xelab.exe -wto 73cba3cd0fd142d1879a83a08d57945d --incr --debug typical --relax --mt 2 -L xil_defaultlib -L unisims_ver -L unimacro_ver -L secureip --snapshot dijkstra_behav_behav xil_defaultlib.dijkstra_behav xil_defaultlib.glbl -log elaborate.log 
Using 2 slave threads.
Starting static elaboration
Completed static elaboration
Starting simulation data flow analysis
Completed simulation data flow analysis
Time Resolution for simulation is 1ps
Compiling module xil_defaultlib.dijkstra_behav
Compiling module xil_defaultlib.glbl
Built simulation snapshot dijkstra_behav_behav

****** Webtalk v2018.3 (64-bit)
  **** SW Build 2405991 on Thu Dec  6 23:38:27 MST 2018
  **** IP Build 2404404 on Fri Dec  7 01:43:56 MST 2018
    ** Copyright 1986-2018 Xilinx, Inc. All Rights Reserved.

source C:/Users/olafu/Desktop/SDUP/PROJEKT/Dijkstra/Dijkstra.sim/sim_1/behav/xsim/xsim.dir/dijkstra_behav_behav/webtalk/xsim_webtalk.tcl -notrace
INFO: [Common 17-206] Exiting Webtalk at Thu Jun  1 09:34:37 2023...
run_program: Time (s): cpu = 00:00:00 ; elapsed = 00:00:06 . Memory (MB): peak = 823.484 ; gain = 0.000
INFO: [USF-XSim-69] 'elaborate' step finished in '6' seconds
INFO: [USF-XSim-4] XSim::Simulate design
INFO: [USF-XSim-61] Executing 'SIMULATE' step in 'C:/Users/olafu/Desktop/SDUP/PROJEKT/Dijkstra/Dijkstra.sim/sim_1/behav/xsim'
INFO: [USF-XSim-98] *** Running xsim
   with args "dijkstra_behav_behav -key {Behavioral:sim_1:Functional:dijkstra_behav} -tclbatch {dijkstra_behav.tcl} -log {simulate.log}"
INFO: [USF-XSim-8] Loading simulator feature
Vivado Simulator 2018.3
Time resolution is 1 ps
source dijkstra_behav.tcl
# set curr_wave [current_wave_config]
# if { [string length $curr_wave] == 0 } {
#   if { [llength [get_objects]] > 0} {
#     add_wave /
#     set_property needs_save false [current_wave_config]
#   } else {
#      send_msg_id Add_Wave-1 WARNING "No top level signals found. Simulator will start without a wave window. If you want to open a wave window go to 'File->New Waveform Configuration' or type 'create_wave_config' in the TCL console."
#   }
# }
# run 1000ns
	 distance[0] = 6
	 distance[1] = 1
	 distance[2] = 3
	 distance[3] = 0
	 distance[4] = 3
	 distance[5] = 3
	 distance[6] = 2
	 distance[7] = 5
	 distance[8] = 6
	 distance[9] = 11
	 distance[10] = 14
	 prev[0] = 1
	 prev[1] = 3
	 prev[2] = 1
	 prev[3] = 0
	 prev[4] = 3
	 prev[5] = 6
	 prev[6] = 3
	 prev[7] = 3
	 prev[8] = 7
	 prev[9] = 8
	 prev[10] = 9
INFO: [USF-XSim-96] XSim completed. Design snapshot 'dijkstra_behav_behav' loaded.
INFO: [USF-XSim-97] XSim simulation ran for 1000ns
launch_simulation: Time (s): cpu = 00:00:08 ; elapsed = 00:00:13 . Memory (MB): peak = 843.613 ; gain = 20.129
close_sim
INFO: [Simtcl 6-16] Simulation closed
launch_simulation
INFO: [Vivado 12-5682] Launching behavioral simulation in 'C:/Users/olafu/Desktop/SDUP/PROJEKT/Dijkstra/Dijkstra.sim/sim_1/behav/xsim'
INFO: [SIM-utils-51] Simulation object is 'sim_1'
INFO: [SIM-utils-54] Inspecting design source files for 'dijkstra_behav' in fileset 'sim_1'...
INFO: [USF-XSim-97] Finding global include files...
INFO: [USF-XSim-98] Fetching design files from 'sim_1'...
INFO: [USF-XSim-2] XSim::Compile design
INFO: [USF-XSim-61] Executing 'COMPILE and ANALYZE' step in 'C:/Users/olafu/Desktop/SDUP/PROJEKT/Dijkstra/Dijkstra.sim/sim_1/behav/xsim'
"xvlog --incr --relax -prj dijkstra_behav_vlog.prj"
INFO: [VRFC 10-2263] Analyzing SystemVerilog file "C:/Users/olafu/Desktop/SDUP/PROJEKT/Dijkstra/Dijkstra.srcs/sources_1/new/dijkstra_behav.sv" into library xil_defaultlib
INFO: [VRFC 10-311] analyzing module dijkstra_behav
INFO: [USF-XSim-69] 'compile' step finished in '1' seconds
INFO: [USF-XSim-3] XSim::Elaborate design
INFO: [USF-XSim-61] Executing 'ELABORATE' step in 'C:/Users/olafu/Desktop/SDUP/PROJEKT/Dijkstra/Dijkstra.sim/sim_1/behav/xsim'
Vivado Simulator 2018.3
Copyright 1986-1999, 2001-2018 Xilinx, Inc. All Rights Reserved.
Running: C:/Xilinx/Vivado/2018.3/bin/unwrapped/win64.o/xelab.exe -wto 73cba3cd0fd142d1879a83a08d57945d --incr --debug typical --relax --mt 2 -L xil_defaultlib -L unisims_ver -L unimacro_ver -L secureip --snapshot dijkstra_behav_behav xil_defaultlib.dijkstra_behav xil_defaultlib.glbl -log elaborate.log 
Using 2 slave threads.
Starting static elaboration
Completed static elaboration
Starting simulation data flow analysis
Completed simulation data flow analysis
Time Resolution for simulation is 1ps
Compiling module xil_defaultlib.dijkstra_behav
Compiling module xil_defaultlib.glbl
Built simulation snapshot dijkstra_behav_behav
INFO: [USF-XSim-69] 'elaborate' step finished in '1' seconds
INFO: [USF-XSim-4] XSim::Simulate design
INFO: [USF-XSim-61] Executing 'SIMULATE' step in 'C:/Users/olafu/Desktop/SDUP/PROJEKT/Dijkstra/Dijkstra.sim/sim_1/behav/xsim'
INFO: [USF-XSim-98] *** Running xsim
   with args "dijkstra_behav_behav -key {Behavioral:sim_1:Functional:dijkstra_behav} -tclbatch {dijkstra_behav.tcl} -log {simulate.log}"
INFO: [USF-XSim-8] Loading simulator feature
Vivado Simulator 2018.3
Time resolution is 1 ps
source dijkstra_behav.tcl
# set curr_wave [current_wave_config]
# if { [string length $curr_wave] == 0 } {
#   if { [llength [get_objects]] > 0} {
#     add_wave /
#     set_property needs_save false [current_wave_config]
#   } else {
#      send_msg_id Add_Wave-1 WARNING "No top level signals found. Simulator will start without a wave window. If you want to open a wave window go to 'File->New Waveform Configuration' or type 'create_wave_config' in the TCL console."
#   }
# }
# run 1000ns
	 distance[0] = 7
	 distance[1] = 2
	 distance[2] = 0
	 distance[3] = 3
	 distance[4] = 6
	 distance[5] = 6
	 distance[6] = 5
	 distance[7] = 8
	 distance[8] = 9
	 distance[9] = 14
	 distance[10] = 17
	 prev[0] = 1
	 prev[1] = 2
	 prev[2] = 0
	 prev[3] = 1
	 prev[4] = 3
	 prev[5] = 6
	 prev[6] = 3
	 prev[7] = 3
	 prev[8] = 7
	 prev[9] = 8
	 prev[10] = 9
INFO: [USF-XSim-96] XSim completed. Design snapshot 'dijkstra_behav_behav' loaded.
INFO: [USF-XSim-97] XSim simulation ran for 1000ns
launch_simulation: Time (s): cpu = 00:00:06 ; elapsed = 00:00:06 . Memory (MB): peak = 852.906 ; gain = 0.000
close_sim
INFO: [Simtcl 6-16] Simulation closed
launch_simulation
INFO: [Vivado 12-5682] Launching behavioral simulation in 'C:/Users/olafu/Desktop/SDUP/PROJEKT/Dijkstra/Dijkstra.sim/sim_1/behav/xsim'
INFO: [SIM-utils-51] Simulation object is 'sim_1'
INFO: [SIM-utils-54] Inspecting design source files for 'dijkstra_behav' in fileset 'sim_1'...
INFO: [USF-XSim-97] Finding global include files...
INFO: [USF-XSim-98] Fetching design files from 'sim_1'...
INFO: [USF-XSim-2] XSim::Compile design
INFO: [USF-XSim-61] Executing 'COMPILE and ANALYZE' step in 'C:/Users/olafu/Desktop/SDUP/PROJEKT/Dijkstra/Dijkstra.sim/sim_1/behav/xsim'
"xvlog --incr --relax -prj dijkstra_behav_vlog.prj"
INFO: [VRFC 10-2263] Analyzing SystemVerilog file "C:/Users/olafu/Desktop/SDUP/PROJEKT/Dijkstra/Dijkstra.srcs/sources_1/new/dijkstra_behav.sv" into library xil_defaultlib
INFO: [VRFC 10-311] analyzing module dijkstra_behav
INFO: [USF-XSim-69] 'compile' step finished in '1' seconds
INFO: [USF-XSim-3] XSim::Elaborate design
INFO: [USF-XSim-61] Executing 'ELABORATE' step in 'C:/Users/olafu/Desktop/SDUP/PROJEKT/Dijkstra/Dijkstra.sim/sim_1/behav/xsim'
Vivado Simulator 2018.3
Copyright 1986-1999, 2001-2018 Xilinx, Inc. All Rights Reserved.
Running: C:/Xilinx/Vivado/2018.3/bin/unwrapped/win64.o/xelab.exe -wto 73cba3cd0fd142d1879a83a08d57945d --incr --debug typical --relax --mt 2 -L xil_defaultlib -L unisims_ver -L unimacro_ver -L secureip --snapshot dijkstra_behav_behav xil_defaultlib.dijkstra_behav xil_defaultlib.glbl -log elaborate.log 
Using 2 slave threads.
Starting static elaboration
Completed static elaboration
Starting simulation data flow analysis
Completed simulation data flow analysis
Time Resolution for simulation is 1ps
Compiling module xil_defaultlib.dijkstra_behav
Compiling module xil_defaultlib.glbl
Built simulation snapshot dijkstra_behav_behav
INFO: [USF-XSim-69] 'elaborate' step finished in '1' seconds
INFO: [USF-XSim-4] XSim::Simulate design
INFO: [USF-XSim-61] Executing 'SIMULATE' step in 'C:/Users/olafu/Desktop/SDUP/PROJEKT/Dijkstra/Dijkstra.sim/sim_1/behav/xsim'
INFO: [USF-XSim-98] *** Running xsim
   with args "dijkstra_behav_behav -key {Behavioral:sim_1:Functional:dijkstra_behav} -tclbatch {dijkstra_behav.tcl} -log {simulate.log}"
INFO: [USF-XSim-8] Loading simulator feature
Vivado Simulator 2018.3
Time resolution is 1 ps
source dijkstra_behav.tcl
# set curr_wave [current_wave_config]
# if { [string length $curr_wave] == 0 } {
#   if { [llength [get_objects]] > 0} {
#     add_wave /
#     set_property needs_save false [current_wave_config]
#   } else {
#      send_msg_id Add_Wave-1 WARNING "No top level signals found. Simulator will start without a wave window. If you want to open a wave window go to 'File->New Waveform Configuration' or type 'create_wave_config' in the TCL console."
#   }
# }
# run 1000ns
	 distance[0] = 0
	 distance[1] = 5
	 distance[2] = 7
	 distance[3] = 6
	 distance[4] = 3
	 distance[5] = 5
	 distance[6] = 6
	 distance[7] = 9
	 distance[8] = 10
	 distance[9] = 15
	 distance[10] = 18
	 prev[0] = 0
	 prev[1] = 0
	 prev[2] = 1
	 prev[3] = 4
	 prev[4] = 0
	 prev[5] = 4
	 prev[6] = 5
	 prev[7] = 6
	 prev[8] = 7
	 prev[9] = 8
	 prev[10] = 9
INFO: [USF-XSim-96] XSim completed. Design snapshot 'dijkstra_behav_behav' loaded.
INFO: [USF-XSim-97] XSim simulation ran for 1000ns
launch_simulation: Time (s): cpu = 00:00:04 ; elapsed = 00:00:06 . Memory (MB): peak = 852.906 ; gain = 0.000
close_sim
INFO: [Simtcl 6-16] Simulation closed
exit
INFO: [Common 17-206] Exiting Vivado at Thu Jun  1 09:45:39 2023...
